The system is: Darwin - 17.6.0 - x86_64
Compiling the CXX compiler identification source file "CMakeCXXCompilerId.cpp" succeeded.
Compiler: /opt/local/bin/g++-mp-5 
Build flags: 
Id flags:  

The output was:
0


Compilation of the CXX compiler identification source "CMakeCXXCompilerId.cpp" produced "a.out"

The CXX compiler identification is GNU, found in "/Users/ali_nayeem/Projects/MO-Phylogenetics/lib/Bpp/bpp-phyl-2.1.0/CMakeFiles/3.13.2/CompilerIdCXX/a.out"

Determining if the CXX compiler works passed with the following output:
Change Dir: /Users/ali_nayeem/Projects/MO-Phylogenetics/lib/Bpp/bpp-phyl-2.1.0/CMakeFiles/CMakeTmp

Run Build Command:"/usr/bin/make" "cmTC_ba43f/fast"
/Library/Developer/CommandLineTools/usr/bin/make -f CMakeFiles/cmTC_ba43f.dir/build.make CMakeFiles/cmTC_ba43f.dir/build
Building CXX object CMakeFiles/cmTC_ba43f.dir/testCXXCompiler.cxx.o
/opt/local/bin/g++-mp-5     -o CMakeFiles/cmTC_ba43f.dir/testCXXCompiler.cxx.o -c /Users/ali_nayeem/Projects/MO-Phylogenetics/lib/Bpp/bpp-phyl-2.1.0/CMakeFiles/CMakeTmp/testCXXCompiler.cxx
Linking CXX executable cmTC_ba43f
/usr/local/Cellar/cmake/3.13.2/bin/cmake -E cmake_link_script CMakeFiles/cmTC_ba43f.dir/link.txt --verbose=1
/opt/local/bin/g++-mp-5    -Wl,-search_paths_first -Wl,-headerpad_max_install_names   CMakeFiles/cmTC_ba43f.dir/testCXXCompiler.cxx.o  -o cmTC_ba43f 


Detecting CXX compiler ABI info compiled with the following output:
Change Dir: /Users/ali_nayeem/Projects/MO-Phylogenetics/lib/Bpp/bpp-phyl-2.1.0/CMakeFiles/CMakeTmp

Run Build Command:"/usr/bin/make" "cmTC_926cd/fast"
/Library/Developer/CommandLineTools/usr/bin/make -f CMakeFiles/cmTC_926cd.dir/build.make CMakeFiles/cmTC_926cd.dir/build
Building CXX object CMakeFiles/cmTC_926cd.dir/CMakeCXXCompilerABI.cpp.o
/opt/local/bin/g++-mp-5     -o CMakeFiles/cmTC_926cd.dir/CMakeCXXCompilerABI.cpp.o -c /usr/local/Cellar/cmake/3.13.2/share/cmake/Modules/CMakeCXXCompilerABI.cpp
Linking CXX executable cmTC_926cd
/usr/local/Cellar/cmake/3.13.2/bin/cmake -E cmake_link_script CMakeFiles/cmTC_926cd.dir/link.txt --verbose=1
/opt/local/bin/g++-mp-5    -Wl,-search_paths_first -Wl,-headerpad_max_install_names  -v -Wl,-v CMakeFiles/cmTC_926cd.dir/CMakeCXXCompilerABI.cpp.o  -o cmTC_926cd 
Using built-in specs.
COLLECT_GCC=/opt/local/bin/g++-mp-5
COLLECT_LTO_WRAPPER=/opt/local/libexec/gcc/x86_64-apple-darwin17/5.5.0/lto-wrapper
Target: x86_64-apple-darwin17
Configured with: /opt/local/var/macports/build/_opt_bblocal_var_buildworker_ports_build_ports_lang_gcc5/gcc5/work/gcc-5.5.0/configure --prefix=/opt/local --build=x86_64-apple-darwin17 --enable-languages=c,c++,objc,obj-c++,lto,fortran,java --libdir=/opt/local/lib/gcc5 --includedir=/opt/local/include/gcc5 --infodir=/opt/local/share/info --mandir=/opt/local/share/man --datarootdir=/opt/local/share/gcc-5 --with-libiconv-prefix=/opt/local --with-local-prefix=/opt/local --with-system-zlib --disable-nls --program-suffix=-mp-5 --with-gxx-include-dir=/opt/local/include/gcc5/c++/ --with-gmp=/opt/local --with-mpfr=/opt/local --with-mpc=/opt/local --with-isl=/opt/local/libexec/isl18 --enable-stage1-checking --disable-multilib --enable-lto --enable-libstdcxx-time --with-build-config=bootstrap-debug --with-as=/opt/local/bin/as --with-ld=/opt/local/bin/ld --with-ar=/opt/local/bin/ar --with-bugurl=https://trac.macports.org/newticket --disable-tls --with-pkgversion='MacPorts gcc5 5.5.0_4'
Thread model: posix
gcc version 5.5.0 (MacPorts gcc5 5.5.0_4) 
COMPILER_PATH=/opt/local/libexec/gcc/x86_64-apple-darwin17/5.5.0/:/opt/local/libexec/gcc/x86_64-apple-darwin17/5.5.0/:/opt/local/libexec/gcc/x86_64-apple-darwin17/:/opt/local/lib/gcc5/gcc/x86_64-apple-darwin17/5.5.0/:/opt/local/lib/gcc5/gcc/x86_64-apple-darwin17/
LIBRARY_PATH=/opt/local/lib/gcc5/gcc/x86_64-apple-darwin17/5.5.0/:/opt/local/lib/gcc5/gcc/x86_64-apple-darwin17/5.5.0/../../../:/usr/lib/
COLLECT_GCC_OPTIONS='-mmacosx-version-min=10.13.6' '-v' '-o' 'cmTC_926cd' '-shared-libgcc' '-mtune=core2'
 /opt/local/libexec/gcc/x86_64-apple-darwin17/5.5.0/collect2 -dynamic -arch x86_64 -macosx_version_min 10.13.6 -weak_reference_mismatches non-weak -o cmTC_926cd -L/opt/local/lib/gcc5/gcc/x86_64-apple-darwin17/5.5.0 -L/opt/local/lib/gcc5/gcc/x86_64-apple-darwin17/5.5.0/../../.. -search_paths_first -headerpad_max_install_names -v CMakeFiles/cmTC_926cd.dir/CMakeCXXCompilerABI.cpp.o -lstdc++ -no_compact_unwind -lSystem -lgcc_ext.10.5 -lgcc -lSystem -v
collect2 version 5.5.0
/opt/local/bin/ld -dynamic -arch x86_64 -macosx_version_min 10.13.6 -weak_reference_mismatches non-weak -o cmTC_926cd -L/opt/local/lib/gcc5/gcc/x86_64-apple-darwin17/5.5.0 -L/opt/local/lib/gcc5/gcc/x86_64-apple-darwin17/5.5.0/../../.. -search_paths_first -headerpad_max_install_names -v CMakeFiles/cmTC_926cd.dir/CMakeCXXCompilerABI.cpp.o -lstdc++ -no_compact_unwind -lSystem -lgcc_ext.10.5 -lgcc -lSystem -v
@(#)PROGRAM:ld  PROJECT:ld64-274.2
configured to support archs: i386 x86_64 x86_64h armv6 armv7 armv7s armv7m armv7k arm64 (tvOS)
@(#)PROGRAM:ld  PROJECT:ld64-274.2
configured to support archs: i386 x86_64 x86_64h armv6 armv7 armv7s armv7m armv7k arm64 (tvOS)
Library search paths:
	/opt/local/lib/gcc5/gcc/x86_64-apple-darwin17/5.5.0
	/opt/local/lib/gcc5
	/usr/lib
	/usr/local/lib
Framework search paths:
	/Library/Frameworks/
	/System/Library/Frameworks/
 /opt/local/bin/nm -n CMakeFiles/cmTC_926cd.dir/CMakeCXXCompilerABI.cpp.o


Parsed CXX implicit link information from above output:
  link line regex: [^( *|.*[/\])(ld|CMAKE_LINK_STARTFILE-NOTFOUND|([^/\]+-)?ld|collect2)[^/\]*( |$)]
  ignore line: [Change Dir: /Users/ali_nayeem/Projects/MO-Phylogenetics/lib/Bpp/bpp-phyl-2.1.0/CMakeFiles/CMakeTmp]
  ignore line: []
  ignore line: [Run Build Command:"/usr/bin/make" "cmTC_926cd/fast"]
  ignore line: [/Library/Developer/CommandLineTools/usr/bin/make -f CMakeFiles/cmTC_926cd.dir/build.make CMakeFiles/cmTC_926cd.dir/build]
  ignore line: [Building CXX object CMakeFiles/cmTC_926cd.dir/CMakeCXXCompilerABI.cpp.o]
  ignore line: [/opt/local/bin/g++-mp-5     -o CMakeFiles/cmTC_926cd.dir/CMakeCXXCompilerABI.cpp.o -c /usr/local/Cellar/cmake/3.13.2/share/cmake/Modules/CMakeCXXCompilerABI.cpp]
  ignore line: [Linking CXX executable cmTC_926cd]
  ignore line: [/usr/local/Cellar/cmake/3.13.2/bin/cmake -E cmake_link_script CMakeFiles/cmTC_926cd.dir/link.txt --verbose=1]
  ignore line: [/opt/local/bin/g++-mp-5    -Wl,-search_paths_first -Wl,-headerpad_max_install_names  -v -Wl,-v CMakeFiles/cmTC_926cd.dir/CMakeCXXCompilerABI.cpp.o  -o cmTC_926cd ]
  ignore line: [Using built-in specs.]
  ignore line: [COLLECT_GCC=/opt/local/bin/g++-mp-5]
  ignore line: [COLLECT_LTO_WRAPPER=/opt/local/libexec/gcc/x86_64-apple-darwin17/5.5.0/lto-wrapper]
  ignore line: [Target: x86_64-apple-darwin17]
  ignore line: [Configured with: /opt/local/var/macports/build/_opt_bblocal_var_buildworker_ports_build_ports_lang_gcc5/gcc5/work/gcc-5.5.0/configure --prefix=/opt/local --build=x86_64-apple-darwin17 --enable-languages=c,c++,objc,obj-c++,lto,fortran,java --libdir=/opt/local/lib/gcc5 --includedir=/opt/local/include/gcc5 --infodir=/opt/local/share/info --mandir=/opt/local/share/man --datarootdir=/opt/local/share/gcc-5 --with-libiconv-prefix=/opt/local --with-local-prefix=/opt/local --with-system-zlib --disable-nls --program-suffix=-mp-5 --with-gxx-include-dir=/opt/local/include/gcc5/c++/ --with-gmp=/opt/local --with-mpfr=/opt/local --with-mpc=/opt/local --with-isl=/opt/local/libexec/isl18 --enable-stage1-checking --disable-multilib --enable-lto --enable-libstdcxx-time --with-build-config=bootstrap-debug --with-as=/opt/local/bin/as --with-ld=/opt/local/bin/ld --with-ar=/opt/local/bin/ar --with-bugurl=https://trac.macports.org/newticket --disable-tls --with-pkgversion='MacPorts gcc5 5.5.0_4']
  ignore line: [Thread model: posix]
  ignore line: [gcc version 5.5.0 (MacPorts gcc5 5.5.0_4) ]
  ignore line: [COMPILER_PATH=/opt/local/libexec/gcc/x86_64-apple-darwin17/5.5.0/:/opt/local/libexec/gcc/x86_64-apple-darwin17/5.5.0/:/opt/local/libexec/gcc/x86_64-apple-darwin17/:/opt/local/lib/gcc5/gcc/x86_64-apple-darwin17/5.5.0/:/opt/local/lib/gcc5/gcc/x86_64-apple-darwin17/]
  ignore line: [LIBRARY_PATH=/opt/local/lib/gcc5/gcc/x86_64-apple-darwin17/5.5.0/:/opt/local/lib/gcc5/gcc/x86_64-apple-darwin17/5.5.0/../../../:/usr/lib/]
  ignore line: [COLLECT_GCC_OPTIONS='-mmacosx-version-min=10.13.6' '-v' '-o' 'cmTC_926cd' '-shared-libgcc' '-mtune=core2']
  link line: [ /opt/local/libexec/gcc/x86_64-apple-darwin17/5.5.0/collect2 -dynamic -arch x86_64 -macosx_version_min 10.13.6 -weak_reference_mismatches non-weak -o cmTC_926cd -L/opt/local/lib/gcc5/gcc/x86_64-apple-darwin17/5.5.0 -L/opt/local/lib/gcc5/gcc/x86_64-apple-darwin17/5.5.0/../../.. -search_paths_first -headerpad_max_install_names -v CMakeFiles/cmTC_926cd.dir/CMakeCXXCompilerABI.cpp.o -lstdc++ -no_compact_unwind -lSystem -lgcc_ext.10.5 -lgcc -lSystem -v]
    arg [/opt/local/libexec/gcc/x86_64-apple-darwin17/5.5.0/collect2] ==> ignore
    arg [-dynamic] ==> ignore
    arg [-arch] ==> ignore
    arg [x86_64] ==> ignore
    arg [-macosx_version_min] ==> ignore
    arg [10.13.6] ==> ignore
    arg [-weak_reference_mismatches] ==> ignore
    arg [non-weak] ==> ignore
    arg [-o] ==> ignore
    arg [cmTC_926cd] ==> ignore
    arg [-L/opt/local/lib/gcc5/gcc/x86_64-apple-darwin17/5.5.0] ==> dir [/opt/local/lib/gcc5/gcc/x86_64-apple-darwin17/5.5.0]
    arg [-L/opt/local/lib/gcc5/gcc/x86_64-apple-darwin17/5.5.0/../../..] ==> dir [/opt/local/lib/gcc5/gcc/x86_64-apple-darwin17/5.5.0/../../..]
    arg [-search_paths_first] ==> ignore
    arg [-headerpad_max_install_names] ==> ignore
    arg [-v] ==> ignore
    arg [CMakeFiles/cmTC_926cd.dir/CMakeCXXCompilerABI.cpp.o] ==> ignore
    arg [-lstdc++] ==> lib [stdc++]
    arg [-no_compact_unwind] ==> ignore
    arg [-lSystem] ==> lib [System]
    arg [-lgcc_ext.10.5] ==> lib [gcc_ext.10.5]
    arg [-lgcc] ==> lib [gcc]
    arg [-lSystem] ==> lib [System]
    arg [-v] ==> ignore
  Library search paths: [;/opt/local/lib/gcc5/gcc/x86_64-apple-darwin17/5.5.0;/opt/local/lib/gcc5;/usr/lib;/usr/local/lib]
  Framework search paths: [;/Library/Frameworks/;/System/Library/Frameworks/]
  remove lib [System]
  remove lib [System]
  collapse library dir [/opt/local/lib/gcc5/gcc/x86_64-apple-darwin17/5.5.0] ==> [/opt/local/lib/gcc5/gcc/x86_64-apple-darwin17/5.5.0]
  collapse library dir [/opt/local/lib/gcc5/gcc/x86_64-apple-darwin17/5.5.0/../../..] ==> [/opt/local/lib/gcc5]
  collapse library dir [/opt/local/lib/gcc5/gcc/x86_64-apple-darwin17/5.5.0] ==> [/opt/local/lib/gcc5/gcc/x86_64-apple-darwin17/5.5.0]
  collapse library dir [/opt/local/lib/gcc5] ==> [/opt/local/lib/gcc5]
  collapse library dir [/usr/lib] ==> [/usr/lib]
  collapse library dir [/usr/local/lib] ==> [/usr/local/lib]
  collapse framework dir [/Library/Frameworks/] ==> [/Library/Frameworks]
  collapse framework dir [/System/Library/Frameworks/] ==> [/System/Library/Frameworks]
  implicit libs: [stdc++;gcc_ext.10.5;gcc]
  implicit dirs: [/opt/local/lib/gcc5/gcc/x86_64-apple-darwin17/5.5.0;/opt/local/lib/gcc5;/usr/lib;/usr/local/lib]
  implicit fwks: [/Library/Frameworks;/System/Library/Frameworks]




Detecting CXX [-std=c++1z] compiler features compiled with the following output:
Change Dir: /Users/ali_nayeem/Projects/MO-Phylogenetics/lib/Bpp/bpp-phyl-2.1.0/CMakeFiles/CMakeTmp

Run Build Command:"/usr/bin/make" "cmTC_41ae5/fast"
/Library/Developer/CommandLineTools/usr/bin/make -f CMakeFiles/cmTC_41ae5.dir/build.make CMakeFiles/cmTC_41ae5.dir/build
Building CXX object CMakeFiles/cmTC_41ae5.dir/feature_tests.cxx.o
/opt/local/bin/g++-mp-5    -std=c++1z -o CMakeFiles/cmTC_41ae5.dir/feature_tests.cxx.o -c /Users/ali_nayeem/Projects/MO-Phylogenetics/lib/Bpp/bpp-phyl-2.1.0/CMakeFiles/feature_tests.cxx
Linking CXX executable cmTC_41ae5
/usr/local/Cellar/cmake/3.13.2/bin/cmake -E cmake_link_script CMakeFiles/cmTC_41ae5.dir/link.txt --verbose=1
/opt/local/bin/g++-mp-5    -Wl,-search_paths_first -Wl,-headerpad_max_install_names   CMakeFiles/cmTC_41ae5.dir/feature_tests.cxx.o  -o cmTC_41ae5 


    Feature record: CXX_FEATURE:1cxx_aggregate_default_initializers
    Feature record: CXX_FEATURE:1cxx_alias_templates
    Feature record: CXX_FEATURE:1cxx_alignas
    Feature record: CXX_FEATURE:1cxx_alignof
    Feature record: CXX_FEATURE:1cxx_attributes
    Feature record: CXX_FEATURE:1cxx_attribute_deprecated
    Feature record: CXX_FEATURE:1cxx_auto_type
    Feature record: CXX_FEATURE:1cxx_binary_literals
    Feature record: CXX_FEATURE:1cxx_constexpr
    Feature record: CXX_FEATURE:1cxx_contextual_conversions
    Feature record: CXX_FEATURE:1cxx_decltype
    Feature record: CXX_FEATURE:1cxx_decltype_auto
    Feature record: CXX_FEATURE:1cxx_decltype_incomplete_return_types
    Feature record: CXX_FEATURE:1cxx_default_function_template_args
    Feature record: CXX_FEATURE:1cxx_defaulted_functions
    Feature record: CXX_FEATURE:1cxx_defaulted_move_initializers
    Feature record: CXX_FEATURE:1cxx_delegating_constructors
    Feature record: CXX_FEATURE:1cxx_deleted_functions
    Feature record: CXX_FEATURE:1cxx_digit_separators
    Feature record: CXX_FEATURE:1cxx_enum_forward_declarations
    Feature record: CXX_FEATURE:1cxx_explicit_conversions
    Feature record: CXX_FEATURE:1cxx_extended_friend_declarations
    Feature record: CXX_FEATURE:1cxx_extern_templates
    Feature record: CXX_FEATURE:1cxx_final
    Feature record: CXX_FEATURE:1cxx_func_identifier
    Feature record: CXX_FEATURE:1cxx_generalized_initializers
    Feature record: CXX_FEATURE:1cxx_generic_lambdas
    Feature record: CXX_FEATURE:1cxx_inheriting_constructors
    Feature record: CXX_FEATURE:1cxx_inline_namespaces
    Feature record: CXX_FEATURE:1cxx_lambdas
    Feature record: CXX_FEATURE:1cxx_lambda_init_captures
    Feature record: CXX_FEATURE:1cxx_local_type_template_args
    Feature record: CXX_FEATURE:1cxx_long_long_type
    Feature record: CXX_FEATURE:1cxx_noexcept
    Feature record: CXX_FEATURE:1cxx_nonstatic_member_init
    Feature record: CXX_FEATURE:1cxx_nullptr
    Feature record: CXX_FEATURE:1cxx_override
    Feature record: CXX_FEATURE:1cxx_range_for
    Feature record: CXX_FEATURE:1cxx_raw_string_literals
    Feature record: CXX_FEATURE:1cxx_reference_qualified_functions
    Feature record: CXX_FEATURE:1cxx_relaxed_constexpr
    Feature record: CXX_FEATURE:1cxx_return_type_deduction
    Feature record: CXX_FEATURE:1cxx_right_angle_brackets
    Feature record: CXX_FEATURE:1cxx_rvalue_references
    Feature record: CXX_FEATURE:1cxx_sizeof_member
    Feature record: CXX_FEATURE:1cxx_static_assert
    Feature record: CXX_FEATURE:1cxx_strong_enums
    Feature record: CXX_FEATURE:1cxx_template_template_parameters
    Feature record: CXX_FEATURE:1cxx_thread_local
    Feature record: CXX_FEATURE:1cxx_trailing_return_types
    Feature record: CXX_FEATURE:1cxx_unicode_literals
    Feature record: CXX_FEATURE:1cxx_uniform_initialization
    Feature record: CXX_FEATURE:1cxx_unrestricted_unions
    Feature record: CXX_FEATURE:1cxx_user_literals
    Feature record: CXX_FEATURE:1cxx_variable_templates
    Feature record: CXX_FEATURE:1cxx_variadic_macros
    Feature record: CXX_FEATURE:1cxx_variadic_templates


Detecting CXX [-std=c++14] compiler features compiled with the following output:
Change Dir: /Users/ali_nayeem/Projects/MO-Phylogenetics/lib/Bpp/bpp-phyl-2.1.0/CMakeFiles/CMakeTmp

Run Build Command:"/usr/bin/make" "cmTC_30ba6/fast"
/Library/Developer/CommandLineTools/usr/bin/make -f CMakeFiles/cmTC_30ba6.dir/build.make CMakeFiles/cmTC_30ba6.dir/build
Building CXX object CMakeFiles/cmTC_30ba6.dir/feature_tests.cxx.o
/opt/local/bin/g++-mp-5    -std=c++14 -o CMakeFiles/cmTC_30ba6.dir/feature_tests.cxx.o -c /Users/ali_nayeem/Projects/MO-Phylogenetics/lib/Bpp/bpp-phyl-2.1.0/CMakeFiles/feature_tests.cxx
Linking CXX executable cmTC_30ba6
/usr/local/Cellar/cmake/3.13.2/bin/cmake -E cmake_link_script CMakeFiles/cmTC_30ba6.dir/link.txt --verbose=1
/opt/local/bin/g++-mp-5    -Wl,-search_paths_first -Wl,-headerpad_max_install_names   CMakeFiles/cmTC_30ba6.dir/feature_tests.cxx.o  -o cmTC_30ba6 


    Feature record: CXX_FEATURE:1cxx_aggregate_default_initializers
    Feature record: CXX_FEATURE:1cxx_alias_templates
    Feature record: CXX_FEATURE:1cxx_alignas
    Feature record: CXX_FEATURE:1cxx_alignof
    Feature record: CXX_FEATURE:1cxx_attributes
    Feature record: CXX_FEATURE:1cxx_attribute_deprecated
    Feature record: CXX_FEATURE:1cxx_auto_type
    Feature record: CXX_FEATURE:1cxx_binary_literals
    Feature record: CXX_FEATURE:1cxx_constexpr
    Feature record: CXX_FEATURE:1cxx_contextual_conversions
    Feature record: CXX_FEATURE:1cxx_decltype
    Feature record: CXX_FEATURE:1cxx_decltype_auto
    Feature record: CXX_FEATURE:1cxx_decltype_incomplete_return_types
    Feature record: CXX_FEATURE:1cxx_default_function_template_args
    Feature record: CXX_FEATURE:1cxx_defaulted_functions
    Feature record: CXX_FEATURE:1cxx_defaulted_move_initializers
    Feature record: CXX_FEATURE:1cxx_delegating_constructors
    Feature record: CXX_FEATURE:1cxx_deleted_functions
    Feature record: CXX_FEATURE:1cxx_digit_separators
    Feature record: CXX_FEATURE:1cxx_enum_forward_declarations
    Feature record: CXX_FEATURE:1cxx_explicit_conversions
    Feature record: CXX_FEATURE:1cxx_extended_friend_declarations
    Feature record: CXX_FEATURE:1cxx_extern_templates
    Feature record: CXX_FEATURE:1cxx_final
    Feature record: CXX_FEATURE:1cxx_func_identifier
    Feature record: CXX_FEATURE:1cxx_generalized_initializers
    Feature record: CXX_FEATURE:1cxx_generic_lambdas
    Feature record: CXX_FEATURE:1cxx_inheriting_constructors
    Feature record: CXX_FEATURE:1cxx_inline_namespaces
    Feature record: CXX_FEATURE:1cxx_lambdas
    Feature record: CXX_FEATURE:1cxx_lambda_init_captures
    Feature record: CXX_FEATURE:1cxx_local_type_template_args
    Feature record: CXX_FEATURE:1cxx_long_long_type
    Feature record: CXX_FEATURE:1cxx_noexcept
    Feature record: CXX_FEATURE:1cxx_nonstatic_member_init
    Feature record: CXX_FEATURE:1cxx_nullptr
    Feature record: CXX_FEATURE:1cxx_override
    Feature record: CXX_FEATURE:1cxx_range_for
    Feature record: CXX_FEATURE:1cxx_raw_string_literals
    Feature record: CXX_FEATURE:1cxx_reference_qualified_functions
    Feature record: CXX_FEATURE:1cxx_relaxed_constexpr
    Feature record: CXX_FEATURE:1cxx_return_type_deduction
    Feature record: CXX_FEATURE:1cxx_right_angle_brackets
    Feature record: CXX_FEATURE:1cxx_rvalue_references
    Feature record: CXX_FEATURE:1cxx_sizeof_member
    Feature record: CXX_FEATURE:1cxx_static_assert
    Feature record: CXX_FEATURE:1cxx_strong_enums
    Feature record: CXX_FEATURE:1cxx_template_template_parameters
    Feature record: CXX_FEATURE:1cxx_thread_local
    Feature record: CXX_FEATURE:1cxx_trailing_return_types
    Feature record: CXX_FEATURE:1cxx_unicode_literals
    Feature record: CXX_FEATURE:1cxx_uniform_initialization
    Feature record: CXX_FEATURE:1cxx_unrestricted_unions
    Feature record: CXX_FEATURE:1cxx_user_literals
    Feature record: CXX_FEATURE:1cxx_variable_templates
    Feature record: CXX_FEATURE:1cxx_variadic_macros
    Feature record: CXX_FEATURE:1cxx_variadic_templates


Detecting CXX [-std=c++11] compiler features compiled with the following output:
Change Dir: /Users/ali_nayeem/Projects/MO-Phylogenetics/lib/Bpp/bpp-phyl-2.1.0/CMakeFiles/CMakeTmp

Run Build Command:"/usr/bin/make" "cmTC_726be/fast"
/Library/Developer/CommandLineTools/usr/bin/make -f CMakeFiles/cmTC_726be.dir/build.make CMakeFiles/cmTC_726be.dir/build
Building CXX object CMakeFiles/cmTC_726be.dir/feature_tests.cxx.o
/opt/local/bin/g++-mp-5    -std=c++11 -o CMakeFiles/cmTC_726be.dir/feature_tests.cxx.o -c /Users/ali_nayeem/Projects/MO-Phylogenetics/lib/Bpp/bpp-phyl-2.1.0/CMakeFiles/feature_tests.cxx
Linking CXX executable cmTC_726be
/usr/local/Cellar/cmake/3.13.2/bin/cmake -E cmake_link_script CMakeFiles/cmTC_726be.dir/link.txt --verbose=1
/opt/local/bin/g++-mp-5    -Wl,-search_paths_first -Wl,-headerpad_max_install_names   CMakeFiles/cmTC_726be.dir/feature_tests.cxx.o  -o cmTC_726be 


    Feature record: CXX_FEATURE:0cxx_aggregate_default_initializers
    Feature record: CXX_FEATURE:1cxx_alias_templates
    Feature record: CXX_FEATURE:1cxx_alignas
    Feature record: CXX_FEATURE:1cxx_alignof
    Feature record: CXX_FEATURE:1cxx_attributes
    Feature record: CXX_FEATURE:0cxx_attribute_deprecated
    Feature record: CXX_FEATURE:1cxx_auto_type
    Feature record: CXX_FEATURE:0cxx_binary_literals
    Feature record: CXX_FEATURE:1cxx_constexpr
    Feature record: CXX_FEATURE:0cxx_contextual_conversions
    Feature record: CXX_FEATURE:1cxx_decltype
    Feature record: CXX_FEATURE:0cxx_decltype_auto
    Feature record: CXX_FEATURE:1cxx_decltype_incomplete_return_types
    Feature record: CXX_FEATURE:1cxx_default_function_template_args
    Feature record: CXX_FEATURE:1cxx_defaulted_functions
    Feature record: CXX_FEATURE:1cxx_defaulted_move_initializers
    Feature record: CXX_FEATURE:1cxx_delegating_constructors
    Feature record: CXX_FEATURE:1cxx_deleted_functions
    Feature record: CXX_FEATURE:0cxx_digit_separators
    Feature record: CXX_FEATURE:1cxx_enum_forward_declarations
    Feature record: CXX_FEATURE:1cxx_explicit_conversions
    Feature record: CXX_FEATURE:1cxx_extended_friend_declarations
    Feature record: CXX_FEATURE:1cxx_extern_templates
    Feature record: CXX_FEATURE:1cxx_final
    Feature record: CXX_FEATURE:1cxx_func_identifier
    Feature record: CXX_FEATURE:1cxx_generalized_initializers
    Feature record: CXX_FEATURE:0cxx_generic_lambdas
    Feature record: CXX_FEATURE:1cxx_inheriting_constructors
    Feature record: CXX_FEATURE:1cxx_inline_namespaces
    Feature record: CXX_FEATURE:1cxx_lambdas
    Feature record: CXX_FEATURE:0cxx_lambda_init_captures
    Feature record: CXX_FEATURE:1cxx_local_type_template_args
    Feature record: CXX_FEATURE:1cxx_long_long_type
    Feature record: CXX_FEATURE:1cxx_noexcept
    Feature record: CXX_FEATURE:1cxx_nonstatic_member_init
    Feature record: CXX_FEATURE:1cxx_nullptr
    Feature record: CXX_FEATURE:1cxx_override
    Feature record: CXX_FEATURE:1cxx_range_for
    Feature record: CXX_FEATURE:1cxx_raw_string_literals
    Feature record: CXX_FEATURE:1cxx_reference_qualified_functions
    Feature record: CXX_FEATURE:0cxx_relaxed_constexpr
    Feature record: CXX_FEATURE:0cxx_return_type_deduction
    Feature record: CXX_FEATURE:1cxx_right_angle_brackets
    Feature record: CXX_FEATURE:1cxx_rvalue_references
    Feature record: CXX_FEATURE:1cxx_sizeof_member
    Feature record: CXX_FEATURE:1cxx_static_assert
    Feature record: CXX_FEATURE:1cxx_strong_enums
    Feature record: CXX_FEATURE:1cxx_template_template_parameters
    Feature record: CXX_FEATURE:1cxx_thread_local
    Feature record: CXX_FEATURE:1cxx_trailing_return_types
    Feature record: CXX_FEATURE:1cxx_unicode_literals
    Feature record: CXX_FEATURE:1cxx_uniform_initialization
    Feature record: CXX_FEATURE:1cxx_unrestricted_unions
    Feature record: CXX_FEATURE:1cxx_user_literals
    Feature record: CXX_FEATURE:0cxx_variable_templates
    Feature record: CXX_FEATURE:1cxx_variadic_macros
    Feature record: CXX_FEATURE:1cxx_variadic_templates


Detecting CXX [-std=c++98] compiler features compiled with the following output:
Change Dir: /Users/ali_nayeem/Projects/MO-Phylogenetics/lib/Bpp/bpp-phyl-2.1.0/CMakeFiles/CMakeTmp

Run Build Command:"/usr/bin/make" "cmTC_81d33/fast"
/Library/Developer/CommandLineTools/usr/bin/make -f CMakeFiles/cmTC_81d33.dir/build.make CMakeFiles/cmTC_81d33.dir/build
Building CXX object CMakeFiles/cmTC_81d33.dir/feature_tests.cxx.o
/opt/local/bin/g++-mp-5    -std=c++98 -o CMakeFiles/cmTC_81d33.dir/feature_tests.cxx.o -c /Users/ali_nayeem/Projects/MO-Phylogenetics/lib/Bpp/bpp-phyl-2.1.0/CMakeFiles/feature_tests.cxx
Linking CXX executable cmTC_81d33
/usr/local/Cellar/cmake/3.13.2/bin/cmake -E cmake_link_script CMakeFiles/cmTC_81d33.dir/link.txt --verbose=1
/opt/local/bin/g++-mp-5    -Wl,-search_paths_first -Wl,-headerpad_max_install_names   CMakeFiles/cmTC_81d33.dir/feature_tests.cxx.o  -o cmTC_81d33 


    Feature record: CXX_FEATURE:0cxx_aggregate_default_initializers
    Feature record: CXX_FEATURE:0cxx_alias_templates
    Feature record: CXX_FEATURE:0cxx_alignas
    Feature record: CXX_FEATURE:0cxx_alignof
    Feature record: CXX_FEATURE:0cxx_attributes
    Feature record: CXX_FEATURE:0cxx_attribute_deprecated
    Feature record: CXX_FEATURE:0cxx_auto_type
    Feature record: CXX_FEATURE:0cxx_binary_literals
    Feature record: CXX_FEATURE:0cxx_constexpr
    Feature record: CXX_FEATURE:0cxx_contextual_conversions
    Feature record: CXX_FEATURE:0cxx_decltype
    Feature record: CXX_FEATURE:0cxx_decltype_auto
    Feature record: CXX_FEATURE:0cxx_decltype_incomplete_return_types
    Feature record: CXX_FEATURE:0cxx_default_function_template_args
    Feature record: CXX_FEATURE:0cxx_defaulted_functions
    Feature record: CXX_FEATURE:0cxx_defaulted_move_initializers
    Feature record: CXX_FEATURE:0cxx_delegating_constructors
    Feature record: CXX_FEATURE:0cxx_deleted_functions
    Feature record: CXX_FEATURE:0cxx_digit_separators
    Feature record: CXX_FEATURE:0cxx_enum_forward_declarations
    Feature record: CXX_FEATURE:0cxx_explicit_conversions
    Feature record: CXX_FEATURE:0cxx_extended_friend_declarations
    Feature record: CXX_FEATURE:0cxx_extern_templates
    Feature record: CXX_FEATURE:0cxx_final
    Feature record: CXX_FEATURE:0cxx_func_identifier
    Feature record: CXX_FEATURE:0cxx_generalized_initializers
    Feature record: CXX_FEATURE:0cxx_generic_lambdas
    Feature record: CXX_FEATURE:0cxx_inheriting_constructors
    Feature record: CXX_FEATURE:0cxx_inline_namespaces
    Feature record: CXX_FEATURE:0cxx_lambdas
    Feature record: CXX_FEATURE:0cxx_lambda_init_captures
    Feature record: CXX_FEATURE:0cxx_local_type_template_args
    Feature record: CXX_FEATURE:0cxx_long_long_type
    Feature record: CXX_FEATURE:0cxx_noexcept
    Feature record: CXX_FEATURE:0cxx_nonstatic_member_init
    Feature record: CXX_FEATURE:0cxx_nullptr
    Feature record: CXX_FEATURE:0cxx_override
    Feature record: CXX_FEATURE:0cxx_range_for
    Feature record: CXX_FEATURE:0cxx_raw_string_literals
    Feature record: CXX_FEATURE:0cxx_reference_qualified_functions
    Feature record: CXX_FEATURE:0cxx_relaxed_constexpr
    Feature record: CXX_FEATURE:0cxx_return_type_deduction
    Feature record: CXX_FEATURE:0cxx_right_angle_brackets
    Feature record: CXX_FEATURE:0cxx_rvalue_references
    Feature record: CXX_FEATURE:0cxx_sizeof_member
    Feature record: CXX_FEATURE:0cxx_static_assert
    Feature record: CXX_FEATURE:0cxx_strong_enums
    Feature record: CXX_FEATURE:1cxx_template_template_parameters
    Feature record: CXX_FEATURE:0cxx_thread_local
    Feature record: CXX_FEATURE:0cxx_trailing_return_types
    Feature record: CXX_FEATURE:0cxx_unicode_literals
    Feature record: CXX_FEATURE:0cxx_uniform_initialization
    Feature record: CXX_FEATURE:0cxx_unrestricted_unions
    Feature record: CXX_FEATURE:0cxx_user_literals
    Feature record: CXX_FEATURE:0cxx_variable_templates
    Feature record: CXX_FEATURE:0cxx_variadic_macros
    Feature record: CXX_FEATURE:0cxx_variadic_templates
