This file contains any messages produced by compilers while
running configure, to aid debugging if configure makes a mistake.

It was created by libpll configure 1.0.0, which was
generated by GNU Autoconf 2.69.  Invocation command line was

  $ ./configure 

## --------- ##
## Platform. ##
## --------- ##

hostname = ACER-MAN
uname -m = x86_64
uname -r = 4.4.0-139-generic
uname -s = Linux
uname -v = #165-Ubuntu SMP Wed Oct 24 10:58:50 UTC 2018

/usr/bin/uname -p = unknown
/bin/uname -X     = unknown

/bin/arch              = unknown
/usr/bin/arch -k       = unknown
/usr/convex/getsysinfo = unknown
/usr/bin/hostinfo      = unknown
/bin/machine           = unknown
/usr/bin/oslevel       = unknown
/bin/universe          = unknown

PATH: /usr/local/sbin
PATH: /usr/local/bin
PATH: /usr/sbin
PATH: /usr/bin
PATH: /sbin
PATH: /bin
PATH: /snap/bin


## ----------- ##
## Core tests. ##
## ----------- ##

configure:2629: checking for a BSD-compatible install
configure:2697: result: /usr/bin/install -c
configure:2708: checking whether build environment is sane
configure:2763: result: yes
configure:2914: checking for a thread-safe mkdir -p
configure:2953: result: /bin/mkdir -p
configure:2960: checking for gawk
configure:2990: result: no
configure:2960: checking for mawk
configure:2976: found /usr/bin/mawk
configure:2987: result: mawk
configure:2998: checking whether make sets $(MAKE)
configure:3020: result: yes
configure:3049: checking whether make supports nested variables
configure:3066: result: yes
configure:3263: checking for g++
configure:3279: found /usr/bin/g++
configure:3290: result: g++
configure:3317: checking for C++ compiler version
configure:3326: g++ --version >&5
g++ (Ubuntu 5.4.0-6ubuntu1~16.04.10) 5.4.0 20160609
Copyright (C) 2015 Free Software Foundation, Inc.
This is free software; see the source for copying conditions.  There is NO
warranty; not even for MERCHANTABILITY or FITNESS FOR A PARTICULAR PURPOSE.

configure:3337: $? = 0
configure:3326: g++ -v >&5
Using built-in specs.
COLLECT_GCC=g++
COLLECT_LTO_WRAPPER=/usr/lib/gcc/x86_64-linux-gnu/5/lto-wrapper
Target: x86_64-linux-gnu
Configured with: ../src/configure -v --with-pkgversion='Ubuntu 5.4.0-6ubuntu1~16.04.10' --with-bugurl=file:///usr/share/doc/gcc-5/README.Bugs --enable-languages=c,ada,c++,java,go,d,fortran,objc,obj-c++ --prefix=/usr --program-suffix=-5 --enable-shared --enable-linker-build-id --libexecdir=/usr/lib --without-included-gettext --enable-threads=posix --libdir=/usr/lib --enable-nls --with-sysroot=/ --enable-clocale=gnu --enable-libstdcxx-debug --enable-libstdcxx-time=yes --with-default-libstdcxx-abi=new --enable-gnu-unique-object --disable-vtable-verify --enable-libmpx --enable-plugin --with-system-zlib --disable-browser-plugin --enable-java-awt=gtk --enable-gtk-cairo --with-java-home=/usr/lib/jvm/java-1.5.0-gcj-5-amd64/jre --enable-java-home --with-jvm-root-dir=/usr/lib/jvm/java-1.5.0-gcj-5-amd64 --with-jvm-jar-dir=/usr/lib/jvm-exports/java-1.5.0-gcj-5-amd64 --with-arch-directory=amd64 --with-ecj-jar=/usr/share/java/eclipse-ecj.jar --enable-objc-gc --enable-multiarch --disable-werror --with-arch-32=i686 --with-abi=m64 --with-multilib-list=m32,m64,mx32 --enable-multilib --with-tune=generic --enable-checking=release --build=x86_64-linux-gnu --host=x86_64-linux-gnu --target=x86_64-linux-gnu
Thread model: posix
gcc version 5.4.0 20160609 (Ubuntu 5.4.0-6ubuntu1~16.04.10) 
configure:3337: $? = 0
configure:3326: g++ -V >&5
g++: error: unrecognized command line option '-V'
g++: fatal error: no input files
compilation terminated.
configure:3337: $? = 1
configure:3326: g++ -qversion >&5
g++: error: unrecognized command line option '-qversion'
g++: fatal error: no input files
compilation terminated.
configure:3337: $? = 1
configure:3357: checking whether the C++ compiler works
configure:3379: g++    conftest.cpp  >&5
configure:3383: $? = 0
configure:3431: result: yes
configure:3434: checking for C++ compiler default output file name
configure:3436: result: a.out
configure:3442: checking for suffix of executables
configure:3449: g++ -o conftest    conftest.cpp  >&5
configure:3453: $? = 0
configure:3475: result: 
configure:3497: checking whether we are cross compiling
configure:3505: g++ -o conftest    conftest.cpp  >&5
configure:3509: $? = 0
configure:3516: ./conftest
configure:3520: $? = 0
configure:3535: result: no
configure:3540: checking for suffix of object files
configure:3562: g++ -c   conftest.cpp >&5
configure:3566: $? = 0
configure:3587: result: o
configure:3591: checking whether we are using the GNU C++ compiler
configure:3610: g++ -c   conftest.cpp >&5
configure:3610: $? = 0
configure:3619: result: yes
configure:3628: checking whether g++ accepts -g
configure:3648: g++ -c -g  conftest.cpp >&5
configure:3648: $? = 0
configure:3689: result: yes
configure:3723: checking for style of include used by make
configure:3751: result: GNU
configure:3777: checking dependency style of g++
configure:3888: result: gcc3
configure:3951: checking for gcc
configure:3967: found /usr/bin/gcc
configure:3978: result: gcc
configure:4207: checking for C compiler version
configure:4216: gcc --version >&5
gcc (Ubuntu 5.4.0-6ubuntu1~16.04.10) 5.4.0 20160609
Copyright (C) 2015 Free Software Foundation, Inc.
This is free software; see the source for copying conditions.  There is NO
warranty; not even for MERCHANTABILITY or FITNESS FOR A PARTICULAR PURPOSE.

configure:4227: $? = 0
configure:4216: gcc -v >&5
Using built-in specs.
COLLECT_GCC=gcc
COLLECT_LTO_WRAPPER=/usr/lib/gcc/x86_64-linux-gnu/5/lto-wrapper
Target: x86_64-linux-gnu
Configured with: ../src/configure -v --with-pkgversion='Ubuntu 5.4.0-6ubuntu1~16.04.10' --with-bugurl=file:///usr/share/doc/gcc-5/README.Bugs --enable-languages=c,ada,c++,java,go,d,fortran,objc,obj-c++ --prefix=/usr --program-suffix=-5 --enable-shared --enable-linker-build-id --libexecdir=/usr/lib --without-included-gettext --enable-threads=posix --libdir=/usr/lib --enable-nls --with-sysroot=/ --enable-clocale=gnu --enable-libstdcxx-debug --enable-libstdcxx-time=yes --with-default-libstdcxx-abi=new --enable-gnu-unique-object --disable-vtable-verify --enable-libmpx --enable-plugin --with-system-zlib --disable-browser-plugin --enable-java-awt=gtk --enable-gtk-cairo --with-java-home=/usr/lib/jvm/java-1.5.0-gcj-5-amd64/jre --enable-java-home --with-jvm-root-dir=/usr/lib/jvm/java-1.5.0-gcj-5-amd64 --with-jvm-jar-dir=/usr/lib/jvm-exports/java-1.5.0-gcj-5-amd64 --with-arch-directory=amd64 --with-ecj-jar=/usr/share/java/eclipse-ecj.jar --enable-objc-gc --enable-multiarch --disable-werror --with-arch-32=i686 --with-abi=m64 --with-multilib-list=m32,m64,mx32 --enable-multilib --with-tune=generic --enable-checking=release --build=x86_64-linux-gnu --host=x86_64-linux-gnu --target=x86_64-linux-gnu
Thread model: posix
gcc version 5.4.0 20160609 (Ubuntu 5.4.0-6ubuntu1~16.04.10) 
configure:4227: $? = 0
configure:4216: gcc -V >&5
gcc: error: unrecognized command line option '-V'
gcc: fatal error: no input files
compilation terminated.
configure:4227: $? = 1
configure:4216: gcc -qversion >&5
gcc: error: unrecognized command line option '-qversion'
gcc: fatal error: no input files
compilation terminated.
configure:4227: $? = 1
configure:4231: checking whether we are using the GNU C compiler
configure:4250: gcc -c   conftest.c >&5
configure:4250: $? = 0
configure:4259: result: yes
configure:4268: checking whether gcc accepts -g
configure:4288: gcc -c -g  conftest.c >&5
configure:4288: $? = 0
configure:4329: result: yes
configure:4346: checking for gcc option to accept ISO C89
configure:4409: gcc  -c -g -O2  conftest.c >&5
configure:4409: $? = 0
configure:4422: result: none needed
configure:4447: checking whether gcc understands -c and -o together
configure:4469: gcc -c conftest.c -o conftest2.o
configure:4472: $? = 0
configure:4469: gcc -c conftest.c -o conftest2.o
configure:4472: $? = 0
configure:4484: result: yes
configure:4503: checking dependency style of gcc
configure:4614: result: gcc3
configure:4629: checking whether make sets $(MAKE)
configure:4651: result: yes
configure:4703: checking for ranlib
configure:4719: found /usr/bin/ranlib
configure:4730: result: ranlib
configure:4757: checking how to run the C preprocessor
configure:4788: gcc -E  conftest.c
configure:4788: $? = 0
configure:4802: gcc -E  conftest.c
conftest.c:11:28: fatal error: ac_nonexistent.h: No such file or directory
compilation terminated.
configure:4802: $? = 1
configure: failed program was:
| /* confdefs.h */
| #define PACKAGE_NAME "libpll"
| #define PACKAGE_TARNAME "libpll"
| #define PACKAGE_VERSION "1.0.0"
| #define PACKAGE_STRING "libpll 1.0.0"
| #define PACKAGE_BUGREPORT "Tomas.Flouri@h-its.org"
| #define PACKAGE_URL ""
| #define PACKAGE "libpll"
| #define VERSION "1.0.0"
| /* end confdefs.h.  */
| #include <ac_nonexistent.h>
configure:4827: result: gcc -E
configure:4847: gcc -E  conftest.c
configure:4847: $? = 0
configure:4861: gcc -E  conftest.c
conftest.c:11:28: fatal error: ac_nonexistent.h: No such file or directory
compilation terminated.
configure:4861: $? = 1
configure: failed program was:
| /* confdefs.h */
| #define PACKAGE_NAME "libpll"
| #define PACKAGE_TARNAME "libpll"
| #define PACKAGE_VERSION "1.0.0"
| #define PACKAGE_STRING "libpll 1.0.0"
| #define PACKAGE_BUGREPORT "Tomas.Flouri@h-its.org"
| #define PACKAGE_URL ""
| #define PACKAGE "libpll"
| #define VERSION "1.0.0"
| /* end confdefs.h.  */
| #include <ac_nonexistent.h>
configure:4918: checking build system type
configure:4932: result: x86_64-pc-linux-gnu
configure:4952: checking host system type
configure:4965: result: x86_64-pc-linux-gnu
configure:5006: checking how to print strings
configure:5033: result: printf
configure:5054: checking for a sed that does not truncate output
configure:5118: result: /bin/sed
configure:5136: checking for grep that handles long lines and -e
configure:5194: result: /bin/grep
configure:5199: checking for egrep
configure:5261: result: /bin/grep -E
configure:5266: checking for fgrep
configure:5328: result: /bin/grep -F
configure:5363: checking for ld used by gcc
configure:5430: result: /usr/bin/ld
configure:5437: checking if the linker (/usr/bin/ld) is GNU ld
configure:5452: result: yes
configure:5464: checking for BSD- or MS-compatible name lister (nm)
configure:5518: result: /usr/bin/nm -B
configure:5648: checking the name lister (/usr/bin/nm -B) interface
configure:5655: gcc -c -g -O2  conftest.c >&5
configure:5658: /usr/bin/nm -B "conftest.o"
configure:5661: output
0000000000000000 B some_variable
configure:5668: result: BSD nm
configure:5671: checking whether ln -s works
configure:5675: result: yes
configure:5683: checking the maximum length of command line arguments
configure:5814: result: 1572864
configure:5862: checking how to convert x86_64-pc-linux-gnu file names to x86_64-pc-linux-gnu format
configure:5902: result: func_convert_file_noop
configure:5909: checking how to convert x86_64-pc-linux-gnu file names to toolchain format
configure:5929: result: func_convert_file_noop
configure:5936: checking for /usr/bin/ld option to reload object files
configure:5943: result: -r
configure:6017: checking for objdump
configure:6033: found /usr/bin/objdump
configure:6044: result: objdump
configure:6076: checking how to recognize dependent libraries
configure:6276: result: pass_all
configure:6361: checking for dlltool
configure:6391: result: no
configure:6421: checking how to associate runtime and link libraries
configure:6448: result: printf %s\n
configure:6509: checking for ar
configure:6525: found /usr/bin/ar
configure:6536: result: ar
configure:6573: checking for archiver @FILE support
configure:6590: gcc -c -g -O2  conftest.c >&5
configure:6590: $? = 0
configure:6593: ar cru libconftest.a @conftest.lst >&5
ar: `u' modifier ignored since `D' is the default (see `U')
configure:6596: $? = 0
configure:6601: ar cru libconftest.a @conftest.lst >&5
ar: `u' modifier ignored since `D' is the default (see `U')
ar: conftest.o: No such file or directory
configure:6604: $? = 1
configure:6616: result: @
configure:6674: checking for strip
configure:6690: found /usr/bin/strip
configure:6701: result: strip
configure:6773: checking for ranlib
configure:6800: result: ranlib
configure:6902: checking command to parse /usr/bin/nm -B output from gcc object
configure:7055: gcc -c -g -O2  conftest.c >&5
configure:7058: $? = 0
configure:7062: /usr/bin/nm -B conftest.o \| sed -n -e 's/^.*[ ]\([ABCDGIRSTW][ABCDGIRSTW]*\)[ ][ ]*\([_A-Za-z][_A-Za-z0-9]*\)$/\1 \2 \2/p' | sed '/ __gnu_lto/d' \> conftest.nm
configure:7065: $? = 0
configure:7131: gcc -o conftest -g -O2   conftest.c conftstm.o >&5
configure:7134: $? = 0
configure:7172: result: ok
configure:7219: checking for sysroot
configure:7249: result: no
configure:7256: checking for a working dd
configure:7294: result: /bin/dd
configure:7298: checking how to truncate binary pipes
configure:7313: result: /bin/dd bs=4096 count=1
configure:7449: gcc -c -g -O2  conftest.c >&5
configure:7452: $? = 0
configure:7642: checking for mt
configure:7658: found /bin/mt
configure:7669: result: mt
configure:7692: checking if mt is a manifest tool
configure:7698: mt '-?'
configure:7706: result: no
configure:8379: checking for ANSI C header files
configure:8399: gcc -c -g -O2  conftest.c >&5
configure:8399: $? = 0
configure:8472: gcc -o conftest -g -O2   conftest.c  >&5
configure:8472: $? = 0
configure:8472: ./conftest
configure:8472: $? = 0
configure:8483: result: yes
configure:8496: checking for sys/types.h
configure:8496: gcc -c -g -O2  conftest.c >&5
configure:8496: $? = 0
configure:8496: result: yes
configure:8496: checking for sys/stat.h
configure:8496: gcc -c -g -O2  conftest.c >&5
configure:8496: $? = 0
configure:8496: result: yes
configure:8496: checking for stdlib.h
configure:8496: gcc -c -g -O2  conftest.c >&5
configure:8496: $? = 0
configure:8496: result: yes
configure:8496: checking for string.h
configure:8496: gcc -c -g -O2  conftest.c >&5
configure:8496: $? = 0
configure:8496: result: yes
configure:8496: checking for memory.h
configure:8496: gcc -c -g -O2  conftest.c >&5
configure:8496: $? = 0
configure:8496: result: yes
configure:8496: checking for strings.h
configure:8496: gcc -c -g -O2  conftest.c >&5
configure:8496: $? = 0
configure:8496: result: yes
configure:8496: checking for inttypes.h
configure:8496: gcc -c -g -O2  conftest.c >&5
configure:8496: $? = 0
configure:8496: result: yes
configure:8496: checking for stdint.h
configure:8496: gcc -c -g -O2  conftest.c >&5
configure:8496: $? = 0
configure:8496: result: yes
configure:8496: checking for unistd.h
configure:8496: gcc -c -g -O2  conftest.c >&5
configure:8496: $? = 0
configure:8496: result: yes
configure:8510: checking for dlfcn.h
configure:8510: gcc -c -g -O2  conftest.c >&5
configure:8510: $? = 0
configure:8510: result: yes
configure:8777: checking for objdir
configure:8792: result: .libs
configure:9056: checking if gcc supports -fno-rtti -fno-exceptions
configure:9074: gcc -c -g -O2  -fno-rtti -fno-exceptions conftest.c >&5
cc1: warning: command line option '-fno-rtti' is valid for C++/ObjC++ but not for C
configure:9078: $? = 0
configure:9091: result: no
configure:9449: checking for gcc option to produce PIC
configure:9456: result: -fPIC -DPIC
configure:9464: checking if gcc PIC flag -fPIC -DPIC works
configure:9482: gcc -c -g -O2  -fPIC -DPIC -DPIC conftest.c >&5
configure:9486: $? = 0
configure:9499: result: yes
configure:9528: checking if gcc static flag -static works
configure:9556: result: yes
configure:9571: checking if gcc supports -c -o file.o
configure:9592: gcc -c -g -O2  -o out/conftest2.o conftest.c >&5
configure:9596: $? = 0
configure:9618: result: yes
configure:9626: checking if gcc supports -c -o file.o
configure:9673: result: yes
configure:9706: checking whether the gcc linker (/usr/bin/ld -m elf_x86_64) supports shared libraries
configure:10969: result: yes
configure:11006: checking whether -lc should be explicitly linked in
configure:11014: gcc -c -g -O2  conftest.c >&5
configure:11017: $? = 0
configure:11032: gcc -shared  -fPIC -DPIC conftest.o  -v -Wl,-soname -Wl,conftest -o conftest 2\>\&1 \| /bin/grep  -lc  \>/dev/null 2\>\&1
configure:11035: $? = 0
configure:11049: result: no
configure:11209: checking dynamic linker characteristics
configure:11790: gcc -o conftest -g -O2   -Wl,-rpath -Wl,/foo conftest.c  >&5
configure:11790: $? = 0
configure:12039: result: GNU/Linux ld.so
configure:12161: checking how to hardcode library paths into programs
configure:12186: result: immediate
configure:12734: checking whether stripping libraries is possible
configure:12739: result: yes
configure:12774: checking if libtool supports shared libraries
configure:12776: result: yes
configure:12779: checking whether to build shared libraries
configure:12804: result: yes
configure:12807: checking whether to build static libraries
configure:12811: result: yes
configure:12834: checking how to run the C++ preprocessor
configure:12861: g++ -E  conftest.cpp
configure:12861: $? = 0
configure:12875: g++ -E  conftest.cpp
conftest.cpp:23:28: fatal error: ac_nonexistent.h: No such file or directory
compilation terminated.
configure:12875: $? = 1
configure: failed program was:
| /* confdefs.h */
| #define PACKAGE_NAME "libpll"
| #define PACKAGE_TARNAME "libpll"
| #define PACKAGE_VERSION "1.0.0"
| #define PACKAGE_STRING "libpll 1.0.0"
| #define PACKAGE_BUGREPORT "Tomas.Flouri@h-its.org"
| #define PACKAGE_URL ""
| #define PACKAGE "libpll"
| #define VERSION "1.0.0"
| #define STDC_HEADERS 1
| #define HAVE_SYS_TYPES_H 1
| #define HAVE_SYS_STAT_H 1
| #define HAVE_STDLIB_H 1
| #define HAVE_STRING_H 1
| #define HAVE_MEMORY_H 1
| #define HAVE_STRINGS_H 1
| #define HAVE_INTTYPES_H 1
| #define HAVE_STDINT_H 1
| #define HAVE_UNISTD_H 1
| #define HAVE_DLFCN_H 1
| #define LT_OBJDIR ".libs/"
| /* end confdefs.h.  */
| #include <ac_nonexistent.h>
configure:12900: result: g++ -E
configure:12920: g++ -E  conftest.cpp
configure:12920: $? = 0
configure:12934: g++ -E  conftest.cpp
conftest.cpp:23:28: fatal error: ac_nonexistent.h: No such file or directory
compilation terminated.
configure:12934: $? = 1
configure: failed program was:
| /* confdefs.h */
| #define PACKAGE_NAME "libpll"
| #define PACKAGE_TARNAME "libpll"
| #define PACKAGE_VERSION "1.0.0"
| #define PACKAGE_STRING "libpll 1.0.0"
| #define PACKAGE_BUGREPORT "Tomas.Flouri@h-its.org"
| #define PACKAGE_URL ""
| #define PACKAGE "libpll"
| #define VERSION "1.0.0"
| #define STDC_HEADERS 1
| #define HAVE_SYS_TYPES_H 1
| #define HAVE_SYS_STAT_H 1
| #define HAVE_STDLIB_H 1
| #define HAVE_STRING_H 1
| #define HAVE_MEMORY_H 1
| #define HAVE_STRINGS_H 1
| #define HAVE_INTTYPES_H 1
| #define HAVE_STDINT_H 1
| #define HAVE_UNISTD_H 1
| #define HAVE_DLFCN_H 1
| #define LT_OBJDIR ".libs/"
| /* end confdefs.h.  */
| #include <ac_nonexistent.h>
configure:13096: checking for ld used by g++
configure:13163: result: /usr/bin/ld -m elf_x86_64
configure:13170: checking if the linker (/usr/bin/ld -m elf_x86_64) is GNU ld
configure:13185: result: yes
configure:13240: checking whether the g++ linker (/usr/bin/ld -m elf_x86_64) supports shared libraries
configure:14313: result: yes
configure:14349: g++ -c -g -O2  conftest.cpp >&5
configure:14352: $? = 0
configure:14833: checking for g++ option to produce PIC
configure:14840: result: -fPIC -DPIC
configure:14848: checking if g++ PIC flag -fPIC -DPIC works
configure:14866: g++ -c -g -O2  -fPIC -DPIC -DPIC conftest.cpp >&5
configure:14870: $? = 0
configure:14883: result: yes
configure:14906: checking if g++ static flag -static works
configure:14934: result: yes
configure:14946: checking if g++ supports -c -o file.o
configure:14967: g++ -c -g -O2  -o out/conftest2.o conftest.cpp >&5
configure:14971: $? = 0
configure:14993: result: yes
configure:14998: checking if g++ supports -c -o file.o
configure:15045: result: yes
configure:15075: checking whether the g++ linker (/usr/bin/ld -m elf_x86_64) supports shared libraries
configure:15118: result: yes
configure:15259: checking dynamic linker characteristics
configure:16016: result: GNU/Linux ld.so
configure:16081: checking how to hardcode library paths into programs
configure:16106: result: immediate
configure:16171: checking for log in -lm
configure:16196: gcc -o conftest -g -O2   conftest.c -lm   >&5
conftest.c:30:6: warning: conflicting types for built-in function 'log'
 char log ();
      ^
configure:16196: $? = 0
configure:16205: result: yes
configure:16221: checking fcntl.h usability
configure:16221: gcc -c -g -O2  conftest.c >&5
configure:16221: $? = 0
configure:16221: result: yes
configure:16221: checking fcntl.h presence
configure:16221: gcc -E  conftest.c
configure:16221: $? = 0
configure:16221: result: yes
configure:16221: checking for fcntl.h
configure:16221: result: yes
configure:16221: checking float.h usability
configure:16221: gcc -c -g -O2  conftest.c >&5
configure:16221: $? = 0
configure:16221: result: yes
configure:16221: checking float.h presence
configure:16221: gcc -E  conftest.c
configure:16221: $? = 0
configure:16221: result: yes
configure:16221: checking for float.h
configure:16221: result: yes
configure:16221: checking limits.h usability
configure:16221: gcc -c -g -O2  conftest.c >&5
configure:16221: $? = 0
configure:16221: result: yes
configure:16221: checking limits.h presence
configure:16221: gcc -E  conftest.c
configure:16221: $? = 0
configure:16221: result: yes
configure:16221: checking for limits.h
configure:16221: result: yes
configure:16221: checking malloc.h usability
configure:16221: gcc -c -g -O2  conftest.c >&5
configure:16221: $? = 0
configure:16221: result: yes
configure:16221: checking malloc.h presence
configure:16221: gcc -E  conftest.c
configure:16221: $? = 0
configure:16221: result: yes
configure:16221: checking for malloc.h
configure:16221: result: yes
configure:16221: checking stddef.h usability
configure:16221: gcc -c -g -O2  conftest.c >&5
configure:16221: $? = 0
configure:16221: result: yes
configure:16221: checking stddef.h presence
configure:16221: gcc -E  conftest.c
configure:16221: $? = 0
configure:16221: result: yes
configure:16221: checking for stddef.h
configure:16221: result: yes
configure:16221: checking for stdint.h
configure:16221: result: yes
configure:16221: checking for stdlib.h
configure:16221: result: yes
configure:16221: checking for string.h
configure:16221: result: yes
configure:16221: checking for strings.h
configure:16221: result: yes
configure:16221: checking sys/time.h usability
configure:16221: gcc -c -g -O2  conftest.c >&5
configure:16221: $? = 0
configure:16221: result: yes
configure:16221: checking sys/time.h presence
configure:16221: gcc -E  conftest.c
configure:16221: $? = 0
configure:16221: result: yes
configure:16221: checking for sys/time.h
configure:16221: result: yes
configure:16221: checking for unistd.h
configure:16221: result: yes
configure:16233: checking for stdbool.h that conforms to C99
configure:16300: gcc -c -g -O2  conftest.c >&5
configure:16300: $? = 0
configure:16307: result: yes
configure:16309: checking for _Bool
configure:16309: gcc -c -g -O2  conftest.c >&5
configure:16309: $? = 0
configure:16309: gcc -c -g -O2  conftest.c >&5
conftest.c: In function 'main':
conftest.c:71:20: error: expected expression before ')' token
 if (sizeof ((_Bool)))
                    ^
configure:16309: $? = 1
configure: failed program was:
| /* confdefs.h */
| #define PACKAGE_NAME "libpll"
| #define PACKAGE_TARNAME "libpll"
| #define PACKAGE_VERSION "1.0.0"
| #define PACKAGE_STRING "libpll 1.0.0"
| #define PACKAGE_BUGREPORT "Tomas.Flouri@h-its.org"
| #define PACKAGE_URL ""
| #define PACKAGE "libpll"
| #define VERSION "1.0.0"
| #define STDC_HEADERS 1
| #define HAVE_SYS_TYPES_H 1
| #define HAVE_SYS_STAT_H 1
| #define HAVE_STDLIB_H 1
| #define HAVE_STRING_H 1
| #define HAVE_MEMORY_H 1
| #define HAVE_STRINGS_H 1
| #define HAVE_INTTYPES_H 1
| #define HAVE_STDINT_H 1
| #define HAVE_UNISTD_H 1
| #define HAVE_DLFCN_H 1
| #define LT_OBJDIR ".libs/"
| #define HAVE_LIBM 1
| #define HAVE_FCNTL_H 1
| #define HAVE_FLOAT_H 1
| #define HAVE_LIMITS_H 1
| #define HAVE_MALLOC_H 1
| #define HAVE_STDDEF_H 1
| #define HAVE_STDINT_H 1
| #define HAVE_STDLIB_H 1
| #define HAVE_STRING_H 1
| #define HAVE_STRINGS_H 1
| #define HAVE_SYS_TIME_H 1
| #define HAVE_UNISTD_H 1
| /* end confdefs.h.  */
| #include <stdio.h>
| #ifdef HAVE_SYS_TYPES_H
| # include <sys/types.h>
| #endif
| #ifdef HAVE_SYS_STAT_H
| # include <sys/stat.h>
| #endif
| #ifdef STDC_HEADERS
| # include <stdlib.h>
| # include <stddef.h>
| #else
| # ifdef HAVE_STDLIB_H
| #  include <stdlib.h>
| # endif
| #endif
| #ifdef HAVE_STRING_H
| # if !defined STDC_HEADERS && defined HAVE_MEMORY_H
| #  include <memory.h>
| # endif
| # include <string.h>
| #endif
| #ifdef HAVE_STRINGS_H
| # include <strings.h>
| #endif
| #ifdef HAVE_INTTYPES_H
| # include <inttypes.h>
| #endif
| #ifdef HAVE_STDINT_H
| # include <stdint.h>
| #endif
| #ifdef HAVE_UNISTD_H
| # include <unistd.h>
| #endif
| int
| main ()
| {
| if (sizeof ((_Bool)))
| 	    return 0;
|   ;
|   return 0;
| }
configure:16309: result: yes
configure:16326: checking for inline
configure:16342: gcc -c -g -O2  conftest.c >&5
configure:16342: $? = 0
configure:16350: result: inline
configure:16368: checking for int64_t
configure:16368: gcc -c -g -O2  conftest.c >&5
configure:16368: $? = 0
configure:16368: gcc -c -g -O2  conftest.c >&5
conftest.c: In function 'main':
conftest.c:75:53: warning: integer overflow in expression [-Woverflow]
    < (int64_t) (((((int64_t) 1 << N) << N) - 1) * 2 + 2))];
                                                     ^
conftest.c:74:12: error: storage size of 'test_array' isn't constant
 static int test_array [1 - 2 * !((int64_t) (((((int64_t) 1 << N) << N) - 1) * 2 + 1)
            ^
configure:16368: $? = 1
configure: failed program was:
| /* confdefs.h */
| #define PACKAGE_NAME "libpll"
| #define PACKAGE_TARNAME "libpll"
| #define PACKAGE_VERSION "1.0.0"
| #define PACKAGE_STRING "libpll 1.0.0"
| #define PACKAGE_BUGREPORT "Tomas.Flouri@h-its.org"
| #define PACKAGE_URL ""
| #define PACKAGE "libpll"
| #define VERSION "1.0.0"
| #define STDC_HEADERS 1
| #define HAVE_SYS_TYPES_H 1
| #define HAVE_SYS_STAT_H 1
| #define HAVE_STDLIB_H 1
| #define HAVE_STRING_H 1
| #define HAVE_MEMORY_H 1
| #define HAVE_STRINGS_H 1
| #define HAVE_INTTYPES_H 1
| #define HAVE_STDINT_H 1
| #define HAVE_UNISTD_H 1
| #define HAVE_DLFCN_H 1
| #define LT_OBJDIR ".libs/"
| #define HAVE_LIBM 1
| #define HAVE_FCNTL_H 1
| #define HAVE_FLOAT_H 1
| #define HAVE_LIMITS_H 1
| #define HAVE_MALLOC_H 1
| #define HAVE_STDDEF_H 1
| #define HAVE_STDINT_H 1
| #define HAVE_STDLIB_H 1
| #define HAVE_STRING_H 1
| #define HAVE_STRINGS_H 1
| #define HAVE_SYS_TIME_H 1
| #define HAVE_UNISTD_H 1
| #define HAVE__BOOL 1
| #define HAVE_STDBOOL_H 1
| /* end confdefs.h.  */
| #include <stdio.h>
| #ifdef HAVE_SYS_TYPES_H
| # include <sys/types.h>
| #endif
| #ifdef HAVE_SYS_STAT_H
| # include <sys/stat.h>
| #endif
| #ifdef STDC_HEADERS
| # include <stdlib.h>
| # include <stddef.h>
| #else
| # ifdef HAVE_STDLIB_H
| #  include <stdlib.h>
| # endif
| #endif
| #ifdef HAVE_STRING_H
| # if !defined STDC_HEADERS && defined HAVE_MEMORY_H
| #  include <memory.h>
| # endif
| # include <string.h>
| #endif
| #ifdef HAVE_STRINGS_H
| # include <strings.h>
| #endif
| #ifdef HAVE_INTTYPES_H
| # include <inttypes.h>
| #endif
| #ifdef HAVE_STDINT_H
| # include <stdint.h>
| #endif
| #ifdef HAVE_UNISTD_H
| # include <unistd.h>
| #endif
| 	        enum { N = 64 / 2 - 1 };
| int
| main ()
| {
| static int test_array [1 - 2 * !((int64_t) (((((int64_t) 1 << N) << N) - 1) * 2 + 1)
| 		 < (int64_t) (((((int64_t) 1 << N) << N) - 1) * 2 + 2))];
| test_array [0] = 0;
| return test_array [0];
| 
|   ;
|   return 0;
| }
configure:16368: result: yes
configure:16379: checking for size_t
configure:16379: gcc -c -g -O2  conftest.c >&5
configure:16379: $? = 0
configure:16379: gcc -c -g -O2  conftest.c >&5
conftest.c: In function 'main':
conftest.c:73:21: error: expected expression before ')' token
 if (sizeof ((size_t)))
                     ^
configure:16379: $? = 1
configure: failed program was:
| /* confdefs.h */
| #define PACKAGE_NAME "libpll"
| #define PACKAGE_TARNAME "libpll"
| #define PACKAGE_VERSION "1.0.0"
| #define PACKAGE_STRING "libpll 1.0.0"
| #define PACKAGE_BUGREPORT "Tomas.Flouri@h-its.org"
| #define PACKAGE_URL ""
| #define PACKAGE "libpll"
| #define VERSION "1.0.0"
| #define STDC_HEADERS 1
| #define HAVE_SYS_TYPES_H 1
| #define HAVE_SYS_STAT_H 1
| #define HAVE_STDLIB_H 1
| #define HAVE_STRING_H 1
| #define HAVE_MEMORY_H 1
| #define HAVE_STRINGS_H 1
| #define HAVE_INTTYPES_H 1
| #define HAVE_STDINT_H 1
| #define HAVE_UNISTD_H 1
| #define HAVE_DLFCN_H 1
| #define LT_OBJDIR ".libs/"
| #define HAVE_LIBM 1
| #define HAVE_FCNTL_H 1
| #define HAVE_FLOAT_H 1
| #define HAVE_LIMITS_H 1
| #define HAVE_MALLOC_H 1
| #define HAVE_STDDEF_H 1
| #define HAVE_STDINT_H 1
| #define HAVE_STDLIB_H 1
| #define HAVE_STRING_H 1
| #define HAVE_STRINGS_H 1
| #define HAVE_SYS_TIME_H 1
| #define HAVE_UNISTD_H 1
| #define HAVE__BOOL 1
| #define HAVE_STDBOOL_H 1
| /* end confdefs.h.  */
| #include <stdio.h>
| #ifdef HAVE_SYS_TYPES_H
| # include <sys/types.h>
| #endif
| #ifdef HAVE_SYS_STAT_H
| # include <sys/stat.h>
| #endif
| #ifdef STDC_HEADERS
| # include <stdlib.h>
| # include <stddef.h>
| #else
| # ifdef HAVE_STDLIB_H
| #  include <stdlib.h>
| # endif
| #endif
| #ifdef HAVE_STRING_H
| # if !defined STDC_HEADERS && defined HAVE_MEMORY_H
| #  include <memory.h>
| # endif
| # include <string.h>
| #endif
| #ifdef HAVE_STRINGS_H
| # include <strings.h>
| #endif
| #ifdef HAVE_INTTYPES_H
| # include <inttypes.h>
| #endif
| #ifdef HAVE_STDINT_H
| # include <stdint.h>
| #endif
| #ifdef HAVE_UNISTD_H
| # include <unistd.h>
| #endif
| int
| main ()
| {
| if (sizeof ((size_t)))
| 	    return 0;
|   ;
|   return 0;
| }
configure:16379: result: yes
configure:16390: checking for ssize_t
configure:16390: gcc -c -g -O2  conftest.c >&5
configure:16390: $? = 0
configure:16390: gcc -c -g -O2  conftest.c >&5
conftest.c: In function 'main':
conftest.c:73:22: error: expected expression before ')' token
 if (sizeof ((ssize_t)))
                      ^
configure:16390: $? = 1
configure: failed program was:
| /* confdefs.h */
| #define PACKAGE_NAME "libpll"
| #define PACKAGE_TARNAME "libpll"
| #define PACKAGE_VERSION "1.0.0"
| #define PACKAGE_STRING "libpll 1.0.0"
| #define PACKAGE_BUGREPORT "Tomas.Flouri@h-its.org"
| #define PACKAGE_URL ""
| #define PACKAGE "libpll"
| #define VERSION "1.0.0"
| #define STDC_HEADERS 1
| #define HAVE_SYS_TYPES_H 1
| #define HAVE_SYS_STAT_H 1
| #define HAVE_STDLIB_H 1
| #define HAVE_STRING_H 1
| #define HAVE_MEMORY_H 1
| #define HAVE_STRINGS_H 1
| #define HAVE_INTTYPES_H 1
| #define HAVE_STDINT_H 1
| #define HAVE_UNISTD_H 1
| #define HAVE_DLFCN_H 1
| #define LT_OBJDIR ".libs/"
| #define HAVE_LIBM 1
| #define HAVE_FCNTL_H 1
| #define HAVE_FLOAT_H 1
| #define HAVE_LIMITS_H 1
| #define HAVE_MALLOC_H 1
| #define HAVE_STDDEF_H 1
| #define HAVE_STDINT_H 1
| #define HAVE_STDLIB_H 1
| #define HAVE_STRING_H 1
| #define HAVE_STRINGS_H 1
| #define HAVE_SYS_TIME_H 1
| #define HAVE_UNISTD_H 1
| #define HAVE__BOOL 1
| #define HAVE_STDBOOL_H 1
| /* end confdefs.h.  */
| #include <stdio.h>
| #ifdef HAVE_SYS_TYPES_H
| # include <sys/types.h>
| #endif
| #ifdef HAVE_SYS_STAT_H
| # include <sys/stat.h>
| #endif
| #ifdef STDC_HEADERS
| # include <stdlib.h>
| # include <stddef.h>
| #else
| # ifdef HAVE_STDLIB_H
| #  include <stdlib.h>
| # endif
| #endif
| #ifdef HAVE_STRING_H
| # if !defined STDC_HEADERS && defined HAVE_MEMORY_H
| #  include <memory.h>
| # endif
| # include <string.h>
| #endif
| #ifdef HAVE_STRINGS_H
| # include <strings.h>
| #endif
| #ifdef HAVE_INTTYPES_H
| # include <inttypes.h>
| #endif
| #ifdef HAVE_STDINT_H
| # include <stdint.h>
| #endif
| #ifdef HAVE_UNISTD_H
| # include <unistd.h>
| #endif
| int
| main ()
| {
| if (sizeof ((ssize_t)))
| 	    return 0;
|   ;
|   return 0;
| }
configure:16390: result: yes
configure:16401: checking for uint32_t
configure:16401: gcc -c -g -O2  conftest.c >&5
configure:16401: $? = 0
configure:16401: result: yes
configure:16415: checking for uint64_t
configure:16415: gcc -c -g -O2  conftest.c >&5
configure:16415: $? = 0
configure:16415: result: yes
configure:16429: checking for uint8_t
configure:16429: gcc -c -g -O2  conftest.c >&5
configure:16429: $? = 0
configure:16429: result: yes
configure:16443: checking for ptrdiff_t
configure:16443: gcc -c -g -O2  conftest.c >&5
configure:16443: $? = 0
configure:16443: gcc -c -g -O2  conftest.c >&5
conftest.c: In function 'main':
conftest.c:73:24: error: expected expression before ')' token
 if (sizeof ((ptrdiff_t)))
                        ^
configure:16443: $? = 1
configure: failed program was:
| /* confdefs.h */
| #define PACKAGE_NAME "libpll"
| #define PACKAGE_TARNAME "libpll"
| #define PACKAGE_VERSION "1.0.0"
| #define PACKAGE_STRING "libpll 1.0.0"
| #define PACKAGE_BUGREPORT "Tomas.Flouri@h-its.org"
| #define PACKAGE_URL ""
| #define PACKAGE "libpll"
| #define VERSION "1.0.0"
| #define STDC_HEADERS 1
| #define HAVE_SYS_TYPES_H 1
| #define HAVE_SYS_STAT_H 1
| #define HAVE_STDLIB_H 1
| #define HAVE_STRING_H 1
| #define HAVE_MEMORY_H 1
| #define HAVE_STRINGS_H 1
| #define HAVE_INTTYPES_H 1
| #define HAVE_STDINT_H 1
| #define HAVE_UNISTD_H 1
| #define HAVE_DLFCN_H 1
| #define LT_OBJDIR ".libs/"
| #define HAVE_LIBM 1
| #define HAVE_FCNTL_H 1
| #define HAVE_FLOAT_H 1
| #define HAVE_LIMITS_H 1
| #define HAVE_MALLOC_H 1
| #define HAVE_STDDEF_H 1
| #define HAVE_STDINT_H 1
| #define HAVE_STDLIB_H 1
| #define HAVE_STRING_H 1
| #define HAVE_STRINGS_H 1
| #define HAVE_SYS_TIME_H 1
| #define HAVE_UNISTD_H 1
| #define HAVE__BOOL 1
| #define HAVE_STDBOOL_H 1
| /* end confdefs.h.  */
| #include <stdio.h>
| #ifdef HAVE_SYS_TYPES_H
| # include <sys/types.h>
| #endif
| #ifdef HAVE_SYS_STAT_H
| # include <sys/stat.h>
| #endif
| #ifdef STDC_HEADERS
| # include <stdlib.h>
| # include <stddef.h>
| #else
| # ifdef HAVE_STDLIB_H
| #  include <stdlib.h>
| # endif
| #endif
| #ifdef HAVE_STRING_H
| # if !defined STDC_HEADERS && defined HAVE_MEMORY_H
| #  include <memory.h>
| # endif
| # include <string.h>
| #endif
| #ifdef HAVE_STRINGS_H
| # include <strings.h>
| #endif
| #ifdef HAVE_INTTYPES_H
| # include <inttypes.h>
| #endif
| #ifdef HAVE_STDINT_H
| # include <stdint.h>
| #endif
| #ifdef HAVE_UNISTD_H
| # include <unistd.h>
| #endif
| int
| main ()
| {
| if (sizeof ((ptrdiff_t)))
| 	    return 0;
|   ;
|   return 0;
| }
configure:16443: result: yes
configure:16455: checking for error_at_line
configure:16471: gcc -o conftest -g -O2   conftest.c -lm  >&5
configure:16471: $? = 0
configure:16479: result: yes
configure:16492: checking for stdlib.h
configure:16492: result: yes
configure:16502: checking for GNU libc compatible malloc
configure:16526: gcc -o conftest -g -O2   conftest.c -lm  >&5
configure:16526: $? = 0
configure:16526: ./conftest
configure:16526: $? = 0
configure:16536: result: yes
configure:16563: checking for stdlib.h
configure:16563: result: yes
configure:16563: checking for unistd.h
configure:16563: result: yes
configure:16563: checking for sys/param.h
configure:16563: gcc -c -g -O2  conftest.c >&5
configure:16563: $? = 0
configure:16563: result: yes
configure:16583: checking for getpagesize
configure:16583: gcc -o conftest -g -O2   conftest.c -lm  >&5
configure:16583: $? = 0
configure:16583: result: yes
configure:16592: checking for working mmap
configure:16739: gcc -o conftest -g -O2   conftest.c -lm  >&5
configure:16739: $? = 0
configure:16739: ./conftest
configure:16739: $? = 0
configure:16749: result: yes
configure:16760: checking for stdlib.h
configure:16760: result: yes
configure:16770: checking for GNU libc compatible realloc
configure:16794: gcc -o conftest -g -O2   conftest.c -lm  >&5
configure:16794: $? = 0
configure:16794: ./conftest
configure:16794: $? = 0
configure:16804: result: yes
configure:16828: checking for atexit
configure:16828: gcc -o conftest -g -O2   conftest.c -lm  >&5
configure:16828: $? = 0
configure:16828: result: yes
configure:16828: checking for clock_gettime
configure:16828: gcc -o conftest -g -O2   conftest.c -lm  >&5
configure:16828: $? = 0
configure:16828: result: yes
configure:16828: checking for getcwd
configure:16828: gcc -o conftest -g -O2   conftest.c -lm  >&5
configure:16828: $? = 0
configure:16828: result: yes
configure:16828: checking for getpagesize
configure:16828: result: yes
configure:16828: checking for gettimeofday
configure:16828: gcc -o conftest -g -O2   conftest.c -lm  >&5
configure:16828: $? = 0
configure:16828: result: yes
configure:16828: checking for memmove
configure:16828: gcc -o conftest -g -O2   conftest.c -lm  >&5
conftest.c:75:6: warning: conflicting types for built-in function 'memmove'
 char memmove ();
      ^
configure:16828: $? = 0
configure:16828: result: yes
configure:16828: checking for memset
configure:16828: gcc -o conftest -g -O2   conftest.c -lm  >&5
conftest.c:76:6: warning: conflicting types for built-in function 'memset'
 char memset ();
      ^
configure:16828: $? = 0
configure:16828: result: yes
configure:16828: checking for munmap
configure:16828: gcc -o conftest -g -O2   conftest.c -lm  >&5
configure:16828: $? = 0
configure:16828: result: yes
configure:16828: checking for pow
configure:16828: gcc -o conftest -g -O2   conftest.c -lm  >&5
conftest.c:78:6: warning: conflicting types for built-in function 'pow'
 char pow ();
      ^
configure:16828: $? = 0
configure:16828: result: yes
configure:16828: checking for sqrt
configure:16828: gcc -o conftest -g -O2   conftest.c -lm  >&5
conftest.c:79:6: warning: conflicting types for built-in function 'sqrt'
 char sqrt ();
      ^
configure:16828: $? = 0
configure:16828: result: yes
configure:16828: checking for strcasecmp
configure:16828: gcc -o conftest -g -O2   conftest.c -lm  >&5
conftest.c:80:6: warning: conflicting types for built-in function 'strcasecmp'
 char strcasecmp ();
      ^
configure:16828: $? = 0
configure:16828: result: yes
configure:16828: checking for strchr
configure:16828: gcc -o conftest -g -O2   conftest.c -lm  >&5
conftest.c:81:6: warning: conflicting types for built-in function 'strchr'
 char strchr ();
      ^
configure:16828: $? = 0
configure:16828: result: yes
configure:16828: checking for strdup
configure:16828: gcc -o conftest -g -O2   conftest.c -lm  >&5
conftest.c:82:6: warning: conflicting types for built-in function 'strdup'
 char strdup ();
      ^
configure:16828: $? = 0
configure:16828: result: yes
configure:16828: checking for strndup
configure:16828: gcc -o conftest -g -O2   conftest.c -lm  >&5
conftest.c:83:6: warning: conflicting types for built-in function 'strndup'
 char strndup ();
      ^
configure:16828: $? = 0
configure:16828: result: yes
configure:16828: checking for strstr
configure:16828: gcc -o conftest -g -O2   conftest.c -lm  >&5
conftest.c:84:6: warning: conflicting types for built-in function 'strstr'
 char strstr ();
      ^
configure:16828: $? = 0
configure:16828: result: yes
configure:16839: checking for library containing pthread_create
configure:16870: gcc -o conftest -g -O2   conftest.c -lm  >&5
/tmp/ccE44c9K.o: In function `main':
/home/ali_nayeem/Projects/MO-Phylogenetics/lib/Pll/conftest.c:73: undefined reference to `pthread_create'
collect2: error: ld returned 1 exit status
configure:16870: $? = 1
configure: failed program was:
| /* confdefs.h */
| #define PACKAGE_NAME "libpll"
| #define PACKAGE_TARNAME "libpll"
| #define PACKAGE_VERSION "1.0.0"
| #define PACKAGE_STRING "libpll 1.0.0"
| #define PACKAGE_BUGREPORT "Tomas.Flouri@h-its.org"
| #define PACKAGE_URL ""
| #define PACKAGE "libpll"
| #define VERSION "1.0.0"
| #define STDC_HEADERS 1
| #define HAVE_SYS_TYPES_H 1
| #define HAVE_SYS_STAT_H 1
| #define HAVE_STDLIB_H 1
| #define HAVE_STRING_H 1
| #define HAVE_MEMORY_H 1
| #define HAVE_STRINGS_H 1
| #define HAVE_INTTYPES_H 1
| #define HAVE_STDINT_H 1
| #define HAVE_UNISTD_H 1
| #define HAVE_DLFCN_H 1
| #define LT_OBJDIR ".libs/"
| #define HAVE_LIBM 1
| #define HAVE_FCNTL_H 1
| #define HAVE_FLOAT_H 1
| #define HAVE_LIMITS_H 1
| #define HAVE_MALLOC_H 1
| #define HAVE_STDDEF_H 1
| #define HAVE_STDINT_H 1
| #define HAVE_STDLIB_H 1
| #define HAVE_STRING_H 1
| #define HAVE_STRINGS_H 1
| #define HAVE_SYS_TIME_H 1
| #define HAVE_UNISTD_H 1
| #define HAVE__BOOL 1
| #define HAVE_STDBOOL_H 1
| #define HAVE_PTRDIFF_T 1
| #define HAVE_STDLIB_H 1
| #define HAVE_MALLOC 1
| #define HAVE_STDLIB_H 1
| #define HAVE_UNISTD_H 1
| #define HAVE_SYS_PARAM_H 1
| #define HAVE_GETPAGESIZE 1
| #define HAVE_MMAP 1
| #define HAVE_STDLIB_H 1
| #define HAVE_REALLOC 1
| #define HAVE_ATEXIT 1
| #define HAVE_CLOCK_GETTIME 1
| #define HAVE_GETCWD 1
| #define HAVE_GETPAGESIZE 1
| #define HAVE_GETTIMEOFDAY 1
| #define HAVE_MEMMOVE 1
| #define HAVE_MEMSET 1
| #define HAVE_MUNMAP 1
| #define HAVE_POW 1
| #define HAVE_SQRT 1
| #define HAVE_STRCASECMP 1
| #define HAVE_STRCHR 1
| #define HAVE_STRDUP 1
| #define HAVE_STRNDUP 1
| #define HAVE_STRSTR 1
| /* end confdefs.h.  */
| 
| /* Override any GCC internal prototype to avoid an error.
|    Use char because int might match the return type of a GCC
|    builtin and then its argument prototype would still apply.  */
| #ifdef __cplusplus
| extern "C"
| #endif
| char pthread_create ();
| int
| main ()
| {
| return pthread_create ();
|   ;
|   return 0;
| }
configure:16870: gcc -o conftest -g -O2   conftest.c -lpthread  -lm  >&5
configure:16870: $? = 0
configure:16887: result: -lpthread
configure:16899: checking pthread.h usability
configure:16899: gcc -c -g -O2  conftest.c >&5
configure:16899: $? = 0
configure:16899: result: yes
configure:16899: checking pthread.h presence
configure:16899: gcc -E  conftest.c
configure:16899: $? = 0
configure:16899: result: yes
configure:16899: checking for pthread.h
configure:16899: result: yes
configure:16929: checking for x86 cpuid  output
configure:16958: gcc -o conftest -g -O2   conftest.c -lpthread -lm  >&5
conftest.c: In function 'main':
conftest.c:68:15: error: expected expression before ',' token
      int op = , eax, ebx, ecx, edx;
               ^
configure:16958: $? = 1
configure: program exited with status 1
configure: failed program was:
| /* confdefs.h */
| #define PACKAGE_NAME "libpll"
| #define PACKAGE_TARNAME "libpll"
| #define PACKAGE_VERSION "1.0.0"
| #define PACKAGE_STRING "libpll 1.0.0"
| #define PACKAGE_BUGREPORT "Tomas.Flouri@h-its.org"
| #define PACKAGE_URL ""
| #define PACKAGE "libpll"
| #define VERSION "1.0.0"
| #define STDC_HEADERS 1
| #define HAVE_SYS_TYPES_H 1
| #define HAVE_SYS_STAT_H 1
| #define HAVE_STDLIB_H 1
| #define HAVE_STRING_H 1
| #define HAVE_MEMORY_H 1
| #define HAVE_STRINGS_H 1
| #define HAVE_INTTYPES_H 1
| #define HAVE_STDINT_H 1
| #define HAVE_UNISTD_H 1
| #define HAVE_DLFCN_H 1
| #define LT_OBJDIR ".libs/"
| #define HAVE_LIBM 1
| #define HAVE_FCNTL_H 1
| #define HAVE_FLOAT_H 1
| #define HAVE_LIMITS_H 1
| #define HAVE_MALLOC_H 1
| #define HAVE_STDDEF_H 1
| #define HAVE_STDINT_H 1
| #define HAVE_STDLIB_H 1
| #define HAVE_STRING_H 1
| #define HAVE_STRINGS_H 1
| #define HAVE_SYS_TIME_H 1
| #define HAVE_UNISTD_H 1
| #define HAVE__BOOL 1
| #define HAVE_STDBOOL_H 1
| #define HAVE_PTRDIFF_T 1
| #define HAVE_STDLIB_H 1
| #define HAVE_MALLOC 1
| #define HAVE_STDLIB_H 1
| #define HAVE_UNISTD_H 1
| #define HAVE_SYS_PARAM_H 1
| #define HAVE_GETPAGESIZE 1
| #define HAVE_MMAP 1
| #define HAVE_STDLIB_H 1
| #define HAVE_REALLOC 1
| #define HAVE_ATEXIT 1
| #define HAVE_CLOCK_GETTIME 1
| #define HAVE_GETCWD 1
| #define HAVE_GETPAGESIZE 1
| #define HAVE_GETTIMEOFDAY 1
| #define HAVE_MEMMOVE 1
| #define HAVE_MEMSET 1
| #define HAVE_MUNMAP 1
| #define HAVE_POW 1
| #define HAVE_SQRT 1
| #define HAVE_STRCASECMP 1
| #define HAVE_STRCHR 1
| #define HAVE_STRDUP 1
| #define HAVE_STRNDUP 1
| #define HAVE_STRSTR 1
| #define HAVE_PTHREAD_H 1
| /* end confdefs.h.  */
| #include <stdio.h>
| int
| main ()
| {
| 
|      int op = , eax, ebx, ecx, edx;
|      FILE *f;
|       __asm__("cpuid"
|         : "=a" (eax), "=b" (ebx), "=c" (ecx), "=d" (edx)
|         : "a" (op));
|      f = fopen("conftest_cpuid", "w"); if (!f) return 1;
|      fprintf(f, "%x:%x:%x:%x\n", eax, ebx, ecx, edx);
|      fclose(f);
|      return 0;
| 
|   ;
|   return 0;
| }
configure:16968: result: unknown
configure:16987: checking for x86 cpuid 0x00000001 output
configure:17016: gcc -o conftest -g -O2   conftest.c -lpthread -lm  >&5
configure:17016: $? = 0
configure:17016: ./conftest
configure:17016: $? = 0
configure:17026: result: 806e9:1100800:7ffafbbf:bfebfbff
configure:17041: checking mmintrin.h usability
configure:17041: gcc -c -g -O2  conftest.c >&5
configure:17041: $? = 0
configure:17041: result: yes
configure:17041: checking mmintrin.h presence
configure:17041: gcc -E  conftest.c
configure:17041: $? = 0
configure:17041: result: yes
configure:17041: checking for mmintrin.h
configure:17041: result: yes
configure:17041: checking xmmintrin.h usability
configure:17041: gcc -c -g -O2  conftest.c >&5
configure:17041: $? = 0
configure:17041: result: yes
configure:17041: checking xmmintrin.h presence
configure:17041: gcc -E  conftest.c
configure:17041: $? = 0
configure:17041: result: yes
configure:17041: checking for xmmintrin.h
configure:17041: result: yes
configure:17041: checking emmintrin.h usability
configure:17041: gcc -c -g -O2  conftest.c >&5
configure:17041: $? = 0
configure:17041: result: yes
configure:17041: checking emmintrin.h presence
configure:17041: gcc -E  conftest.c
configure:17041: $? = 0
configure:17041: result: yes
configure:17041: checking for emmintrin.h
configure:17041: result: yes
configure:17041: checking pmmintrin.h usability
configure:17041: gcc -c -g -O2  conftest.c >&5
configure:17041: $? = 0
configure:17041: result: yes
configure:17041: checking pmmintrin.h presence
configure:17041: gcc -E  conftest.c
configure:17041: $? = 0
configure:17041: result: yes
configure:17041: checking for pmmintrin.h
configure:17041: result: yes
configure:17041: checking tmmintrin.h usability
configure:17041: gcc -c -g -O2  conftest.c >&5
configure:17041: $? = 0
configure:17041: result: yes
configure:17041: checking tmmintrin.h presence
configure:17041: gcc -E  conftest.c
configure:17041: $? = 0
configure:17041: result: yes
configure:17041: checking for tmmintrin.h
configure:17041: result: yes
configure:17041: checking smmintrin.h usability
configure:17041: gcc -c -g -O2  conftest.c >&5
configure:17041: $? = 0
configure:17041: result: yes
configure:17041: checking smmintrin.h presence
configure:17041: gcc -E  conftest.c
configure:17041: $? = 0
configure:17041: result: yes
configure:17041: checking for smmintrin.h
configure:17041: result: yes
configure:17041: checking immintrin.h usability
configure:17041: gcc -c -g -O2  conftest.c >&5
configure:17041: $? = 0
configure:17041: result: yes
configure:17041: checking immintrin.h presence
configure:17041: gcc -E  conftest.c
configure:17041: $? = 0
configure:17041: result: yes
configure:17041: checking for immintrin.h
configure:17041: result: yes
configure:17052: checking whether mmx is supported
configure:17064: result: yes
configure:17067: checking whether sse is supported
configure:17079: result: yes
configure:17082: checking whether sse2 is supported
configure:17094: result: yes
configure:17097: checking whether sse3 is supported
configure:17109: result: yes
configure:17112: checking whether ssse3 is supported
configure:17124: result: yes
configure:17127: checking whether sse4.1 is supported
configure:17139: result: yes
configure:17142: checking whether sse4.2 is supported
configure:17154: result: yes
configure:17157: checking whether avx is supported
configure:17169: result: yes
configure:17176: checking whether C compiler accepts -mmmx
configure:17195: gcc -c -g -O2  -mmmx  conftest.c >&5
configure:17195: $? = 0
configure:17203: result: yes
configure:17217: checking whether C compiler accepts -msse
configure:17236: gcc -c -g -O2  -msse  conftest.c >&5
configure:17236: $? = 0
configure:17244: result: yes
configure:17258: checking whether C compiler accepts -msse2
configure:17277: gcc -c -g -O2  -msse2  conftest.c >&5
configure:17277: $? = 0
configure:17285: result: yes
configure:17299: checking whether C compiler accepts -msse3
configure:17318: gcc -c -g -O2  -msse3  conftest.c >&5
configure:17318: $? = 0
configure:17326: result: yes
configure:17340: checking whether C compiler accepts -mssse3
configure:17359: gcc -c -g -O2  -mssse3  conftest.c >&5
configure:17359: $? = 0
configure:17367: result: yes
configure:17381: checking whether C compiler accepts -msse4.1
configure:17400: gcc -c -g -O2  -msse4.1  conftest.c >&5
configure:17400: $? = 0
configure:17408: result: yes
configure:17422: checking whether C compiler accepts -msse4.2
configure:17441: gcc -c -g -O2  -msse4.2  conftest.c >&5
configure:17441: $? = 0
configure:17449: result: yes
configure:17463: checking whether C compiler accepts -mavx
configure:17482: gcc -c -g -O2  -mavx  conftest.c >&5
configure:17482: $? = 0
configure:17490: result: yes
configure:17562: checking for mpicc
configure:17592: result: no
configure:17562: checking for hcc
configure:17592: result: no
configure:17562: checking for mpxlc_r
configure:17592: result: no
configure:17562: checking for mpxlc
configure:17592: result: no
configure:17562: checking for mpcc
configure:17592: result: no
configure:17562: checking for cmpicc
configure:17592: result: no
configure:17607: checking for MPI_Init
configure:17607: gcc -o conftest -g -O2   conftest.c -lpthread -lm  >&5
/tmp/ccWOss9M.o: In function `main':
/home/ali_nayeem/Projects/MO-Phylogenetics/lib/Pll/conftest.c:112: undefined reference to `MPI_Init'
collect2: error: ld returned 1 exit status
configure:17607: $? = 1
configure: failed program was:
| /* confdefs.h */
| #define PACKAGE_NAME "libpll"
| #define PACKAGE_TARNAME "libpll"
| #define PACKAGE_VERSION "1.0.0"
| #define PACKAGE_STRING "libpll 1.0.0"
| #define PACKAGE_BUGREPORT "Tomas.Flouri@h-its.org"
| #define PACKAGE_URL ""
| #define PACKAGE "libpll"
| #define VERSION "1.0.0"
| #define STDC_HEADERS 1
| #define HAVE_SYS_TYPES_H 1
| #define HAVE_SYS_STAT_H 1
| #define HAVE_STDLIB_H 1
| #define HAVE_STRING_H 1
| #define HAVE_MEMORY_H 1
| #define HAVE_STRINGS_H 1
| #define HAVE_INTTYPES_H 1
| #define HAVE_STDINT_H 1
| #define HAVE_UNISTD_H 1
| #define HAVE_DLFCN_H 1
| #define LT_OBJDIR ".libs/"
| #define HAVE_LIBM 1
| #define HAVE_FCNTL_H 1
| #define HAVE_FLOAT_H 1
| #define HAVE_LIMITS_H 1
| #define HAVE_MALLOC_H 1
| #define HAVE_STDDEF_H 1
| #define HAVE_STDINT_H 1
| #define HAVE_STDLIB_H 1
| #define HAVE_STRING_H 1
| #define HAVE_STRINGS_H 1
| #define HAVE_SYS_TIME_H 1
| #define HAVE_UNISTD_H 1
| #define HAVE__BOOL 1
| #define HAVE_STDBOOL_H 1
| #define HAVE_PTRDIFF_T 1
| #define HAVE_STDLIB_H 1
| #define HAVE_MALLOC 1
| #define HAVE_STDLIB_H 1
| #define HAVE_UNISTD_H 1
| #define HAVE_SYS_PARAM_H 1
| #define HAVE_GETPAGESIZE 1
| #define HAVE_MMAP 1
| #define HAVE_STDLIB_H 1
| #define HAVE_REALLOC 1
| #define HAVE_ATEXIT 1
| #define HAVE_CLOCK_GETTIME 1
| #define HAVE_GETCWD 1
| #define HAVE_GETPAGESIZE 1
| #define HAVE_GETTIMEOFDAY 1
| #define HAVE_MEMMOVE 1
| #define HAVE_MEMSET 1
| #define HAVE_MUNMAP 1
| #define HAVE_POW 1
| #define HAVE_SQRT 1
| #define HAVE_STRCASECMP 1
| #define HAVE_STRCHR 1
| #define HAVE_STRDUP 1
| #define HAVE_STRNDUP 1
| #define HAVE_STRSTR 1
| #define HAVE_PTHREAD_H 1
| #define HAVE_MMINTRIN_H 1
| #define HAVE_XMMINTRIN_H 1
| #define HAVE_EMMINTRIN_H 1
| #define HAVE_PMMINTRIN_H 1
| #define HAVE_TMMINTRIN_H 1
| #define HAVE_SMMINTRIN_H 1
| #define HAVE_IMMINTRIN_H 1
| #define HAVE_MMX /**/
| #define HAVE_SSE /**/
| #define HAVE_SSE2 /**/
| #define HAVE_SSE3 /**/
| #define HAVE_SSSE3 /**/
| #define HAVE_SSE41 /**/
| #define HAVE_SSE42 1
| #define HAVE_AVX /**/
| /* end confdefs.h.  */
| /* Define MPI_Init to an innocuous variant, in case <limits.h> declares MPI_Init.
|    For example, HP-UX 11i <limits.h> declares gettimeofday.  */
| #define MPI_Init innocuous_MPI_Init
| 
| /* System header to define __stub macros and hopefully few prototypes,
|     which can conflict with char MPI_Init (); below.
|     Prefer <limits.h> to <assert.h> if __STDC__ is defined, since
|     <limits.h> exists even on freestanding compilers.  */
| 
| #ifdef __STDC__
| # include <limits.h>
| #else
| # include <assert.h>
| #endif
| 
| #undef MPI_Init
| 
| /* Override any GCC internal prototype to avoid an error.
|    Use char because int might match the return type of a GCC
|    builtin and then its argument prototype would still apply.  */
| #ifdef __cplusplus
| extern "C"
| #endif
| char MPI_Init ();
| /* The GNU C library defines this for functions which it implements
|     to always fail with ENOSYS.  Some functions are actually named
|     something starting with __ and the normal name is an alias.  */
| #if defined __stub_MPI_Init || defined __stub___MPI_Init
| choke me
| #endif
| 
| int
| main ()
| {
| return MPI_Init ();
|   ;
|   return 0;
| }
configure:17607: result: no
configure:17615: checking for MPI_Init in -lmpi
configure:17640: gcc -o conftest -g -O2   conftest.c -lmpi  -lpthread -lm  >&5
/usr/bin/ld: cannot find -lmpi
collect2: error: ld returned 1 exit status
configure:17640: $? = 1
configure: failed program was:
| /* confdefs.h */
| #define PACKAGE_NAME "libpll"
| #define PACKAGE_TARNAME "libpll"
| #define PACKAGE_VERSION "1.0.0"
| #define PACKAGE_STRING "libpll 1.0.0"
| #define PACKAGE_BUGREPORT "Tomas.Flouri@h-its.org"
| #define PACKAGE_URL ""
| #define PACKAGE "libpll"
| #define VERSION "1.0.0"
| #define STDC_HEADERS 1
| #define HAVE_SYS_TYPES_H 1
| #define HAVE_SYS_STAT_H 1
| #define HAVE_STDLIB_H 1
| #define HAVE_STRING_H 1
| #define HAVE_MEMORY_H 1
| #define HAVE_STRINGS_H 1
| #define HAVE_INTTYPES_H 1
| #define HAVE_STDINT_H 1
| #define HAVE_UNISTD_H 1
| #define HAVE_DLFCN_H 1
| #define LT_OBJDIR ".libs/"
| #define HAVE_LIBM 1
| #define HAVE_FCNTL_H 1
| #define HAVE_FLOAT_H 1
| #define HAVE_LIMITS_H 1
| #define HAVE_MALLOC_H 1
| #define HAVE_STDDEF_H 1
| #define HAVE_STDINT_H 1
| #define HAVE_STDLIB_H 1
| #define HAVE_STRING_H 1
| #define HAVE_STRINGS_H 1
| #define HAVE_SYS_TIME_H 1
| #define HAVE_UNISTD_H 1
| #define HAVE__BOOL 1
| #define HAVE_STDBOOL_H 1
| #define HAVE_PTRDIFF_T 1
| #define HAVE_STDLIB_H 1
| #define HAVE_MALLOC 1
| #define HAVE_STDLIB_H 1
| #define HAVE_UNISTD_H 1
| #define HAVE_SYS_PARAM_H 1
| #define HAVE_GETPAGESIZE 1
| #define HAVE_MMAP 1
| #define HAVE_STDLIB_H 1
| #define HAVE_REALLOC 1
| #define HAVE_ATEXIT 1
| #define HAVE_CLOCK_GETTIME 1
| #define HAVE_GETCWD 1
| #define HAVE_GETPAGESIZE 1
| #define HAVE_GETTIMEOFDAY 1
| #define HAVE_MEMMOVE 1
| #define HAVE_MEMSET 1
| #define HAVE_MUNMAP 1
| #define HAVE_POW 1
| #define HAVE_SQRT 1
| #define HAVE_STRCASECMP 1
| #define HAVE_STRCHR 1
| #define HAVE_STRDUP 1
| #define HAVE_STRNDUP 1
| #define HAVE_STRSTR 1
| #define HAVE_PTHREAD_H 1
| #define HAVE_MMINTRIN_H 1
| #define HAVE_XMMINTRIN_H 1
| #define HAVE_EMMINTRIN_H 1
| #define HAVE_PMMINTRIN_H 1
| #define HAVE_TMMINTRIN_H 1
| #define HAVE_SMMINTRIN_H 1
| #define HAVE_IMMINTRIN_H 1
| #define HAVE_MMX /**/
| #define HAVE_SSE /**/
| #define HAVE_SSE2 /**/
| #define HAVE_SSE3 /**/
| #define HAVE_SSSE3 /**/
| #define HAVE_SSE41 /**/
| #define HAVE_SSE42 1
| #define HAVE_AVX /**/
| /* end confdefs.h.  */
| 
| /* Override any GCC internal prototype to avoid an error.
|    Use char because int might match the return type of a GCC
|    builtin and then its argument prototype would still apply.  */
| #ifdef __cplusplus
| extern "C"
| #endif
| char MPI_Init ();
| int
| main ()
| {
| return MPI_Init ();
|   ;
|   return 0;
| }
configure:17649: result: no
configure:17657: checking for MPI_Init in -lmpich
configure:17682: gcc -o conftest -g -O2   conftest.c -lmpich  -lpthread -lm  >&5
/usr/bin/ld: cannot find -lmpich
collect2: error: ld returned 1 exit status
configure:17682: $? = 1
configure: failed program was:
| /* confdefs.h */
| #define PACKAGE_NAME "libpll"
| #define PACKAGE_TARNAME "libpll"
| #define PACKAGE_VERSION "1.0.0"
| #define PACKAGE_STRING "libpll 1.0.0"
| #define PACKAGE_BUGREPORT "Tomas.Flouri@h-its.org"
| #define PACKAGE_URL ""
| #define PACKAGE "libpll"
| #define VERSION "1.0.0"
| #define STDC_HEADERS 1
| #define HAVE_SYS_TYPES_H 1
| #define HAVE_SYS_STAT_H 1
| #define HAVE_STDLIB_H 1
| #define HAVE_STRING_H 1
| #define HAVE_MEMORY_H 1
| #define HAVE_STRINGS_H 1
| #define HAVE_INTTYPES_H 1
| #define HAVE_STDINT_H 1
| #define HAVE_UNISTD_H 1
| #define HAVE_DLFCN_H 1
| #define LT_OBJDIR ".libs/"
| #define HAVE_LIBM 1
| #define HAVE_FCNTL_H 1
| #define HAVE_FLOAT_H 1
| #define HAVE_LIMITS_H 1
| #define HAVE_MALLOC_H 1
| #define HAVE_STDDEF_H 1
| #define HAVE_STDINT_H 1
| #define HAVE_STDLIB_H 1
| #define HAVE_STRING_H 1
| #define HAVE_STRINGS_H 1
| #define HAVE_SYS_TIME_H 1
| #define HAVE_UNISTD_H 1
| #define HAVE__BOOL 1
| #define HAVE_STDBOOL_H 1
| #define HAVE_PTRDIFF_T 1
| #define HAVE_STDLIB_H 1
| #define HAVE_MALLOC 1
| #define HAVE_STDLIB_H 1
| #define HAVE_UNISTD_H 1
| #define HAVE_SYS_PARAM_H 1
| #define HAVE_GETPAGESIZE 1
| #define HAVE_MMAP 1
| #define HAVE_STDLIB_H 1
| #define HAVE_REALLOC 1
| #define HAVE_ATEXIT 1
| #define HAVE_CLOCK_GETTIME 1
| #define HAVE_GETCWD 1
| #define HAVE_GETPAGESIZE 1
| #define HAVE_GETTIMEOFDAY 1
| #define HAVE_MEMMOVE 1
| #define HAVE_MEMSET 1
| #define HAVE_MUNMAP 1
| #define HAVE_POW 1
| #define HAVE_SQRT 1
| #define HAVE_STRCASECMP 1
| #define HAVE_STRCHR 1
| #define HAVE_STRDUP 1
| #define HAVE_STRNDUP 1
| #define HAVE_STRSTR 1
| #define HAVE_PTHREAD_H 1
| #define HAVE_MMINTRIN_H 1
| #define HAVE_XMMINTRIN_H 1
| #define HAVE_EMMINTRIN_H 1
| #define HAVE_PMMINTRIN_H 1
| #define HAVE_TMMINTRIN_H 1
| #define HAVE_SMMINTRIN_H 1
| #define HAVE_IMMINTRIN_H 1
| #define HAVE_MMX /**/
| #define HAVE_SSE /**/
| #define HAVE_SSE2 /**/
| #define HAVE_SSE3 /**/
| #define HAVE_SSSE3 /**/
| #define HAVE_SSE41 /**/
| #define HAVE_SSE42 1
| #define HAVE_AVX /**/
| /* end confdefs.h.  */
| 
| /* Override any GCC internal prototype to avoid an error.
|    Use char because int might match the return type of a GCC
|    builtin and then its argument prototype would still apply.  */
| #ifdef __cplusplus
| extern "C"
| #endif
| char MPI_Init ();
| int
| main ()
| {
| return MPI_Init ();
|   ;
|   return 0;
| }
configure:17691: result: no
configure:17812: checking dependency style of gcc
configure:17923: result: gcc3
configure:17940: checking dependency style of g++
configure:18051: result: gcc3
configure:18277: checking that generated files are newer than configure
configure:18283: result: done
configure:18350: creating ./config.status

## ---------------------- ##
## Running config.status. ##
## ---------------------- ##

This file was extended by libpll config.status 1.0.0, which was
generated by GNU Autoconf 2.69.  Invocation command line was

  CONFIG_FILES    = 
  CONFIG_HEADERS  = 
  CONFIG_LINKS    = 
  CONFIG_COMMANDS = 
  $ ./config.status 

on ACER-MAN

config.status:1227: creating Makefile
config.status:1227: creating MPI/Makefile
config.status:1227: creating src/Makefile
config.status:1227: creating man/Makefile
config.status:1227: creating examples/Makefile
config.status:1227: creating config.h
config.status:1408: config.h is unchanged
config.status:1456: executing depfiles commands
config.status:1456: executing libtool commands

## ---------------- ##
## Cache variables. ##
## ---------------- ##

ac_cv_build=x86_64-pc-linux-gnu
ac_cv_c_compiler_gnu=yes
ac_cv_c_inline=inline
ac_cv_c_int64_t=yes
ac_cv_c_uint32_t=yes
ac_cv_c_uint64_t=yes
ac_cv_c_uint8_t=yes
ac_cv_cxx_compiler_gnu=yes
ac_cv_env_CCC_set=
ac_cv_env_CCC_value=
ac_cv_env_CC_set=
ac_cv_env_CC_value=
ac_cv_env_CFLAGS_set=
ac_cv_env_CFLAGS_value=
ac_cv_env_CPPFLAGS_set=
ac_cv_env_CPPFLAGS_value=
ac_cv_env_CPP_set=
ac_cv_env_CPP_value=
ac_cv_env_CXXCPP_set=
ac_cv_env_CXXCPP_value=
ac_cv_env_CXXFLAGS_set=
ac_cv_env_CXXFLAGS_value=
ac_cv_env_CXX_set=
ac_cv_env_CXX_value=
ac_cv_env_LDFLAGS_set=
ac_cv_env_LDFLAGS_value=
ac_cv_env_LIBS_set=
ac_cv_env_LIBS_value=
ac_cv_env_LT_SYS_LIBRARY_PATH_set=
ac_cv_env_LT_SYS_LIBRARY_PATH_value=
ac_cv_env_MPICC_set=
ac_cv_env_MPICC_value=
ac_cv_env_build_alias_set=
ac_cv_env_build_alias_value=
ac_cv_env_host_alias_set=
ac_cv_env_host_alias_value=
ac_cv_env_target_alias_set=
ac_cv_env_target_alias_value=
ac_cv_func_MPI_Init=no
ac_cv_func_atexit=yes
ac_cv_func_clock_gettime=yes
ac_cv_func_getcwd=yes
ac_cv_func_getpagesize=yes
ac_cv_func_gettimeofday=yes
ac_cv_func_malloc_0_nonnull=yes
ac_cv_func_memmove=yes
ac_cv_func_memset=yes
ac_cv_func_mmap_fixed_mapped=yes
ac_cv_func_munmap=yes
ac_cv_func_pow=yes
ac_cv_func_realloc_0_nonnull=yes
ac_cv_func_sqrt=yes
ac_cv_func_strcasecmp=yes
ac_cv_func_strchr=yes
ac_cv_func_strdup=yes
ac_cv_func_strndup=yes
ac_cv_func_strstr=yes
ac_cv_header_dlfcn_h=yes
ac_cv_header_emmintrin_h=yes
ac_cv_header_fcntl_h=yes
ac_cv_header_float_h=yes
ac_cv_header_immintrin_h=yes
ac_cv_header_inttypes_h=yes
ac_cv_header_limits_h=yes
ac_cv_header_malloc_h=yes
ac_cv_header_memory_h=yes
ac_cv_header_mmintrin_h=yes
ac_cv_header_pmmintrin_h=yes
ac_cv_header_pthread_h=yes
ac_cv_header_smmintrin_h=yes
ac_cv_header_stdbool_h=yes
ac_cv_header_stdc=yes
ac_cv_header_stddef_h=yes
ac_cv_header_stdint_h=yes
ac_cv_header_stdlib_h=yes
ac_cv_header_string_h=yes
ac_cv_header_strings_h=yes
ac_cv_header_sys_param_h=yes
ac_cv_header_sys_stat_h=yes
ac_cv_header_sys_time_h=yes
ac_cv_header_sys_types_h=yes
ac_cv_header_tmmintrin_h=yes
ac_cv_header_unistd_h=yes
ac_cv_header_xmmintrin_h=yes
ac_cv_host=x86_64-pc-linux-gnu
ac_cv_lib_error_at_line=yes
ac_cv_lib_m_log=yes
ac_cv_lib_mpi_MPI_Init=no
ac_cv_lib_mpich_MPI_Init=no
ac_cv_objext=o
ac_cv_path_EGREP='/bin/grep -E'
ac_cv_path_FGREP='/bin/grep -F'
ac_cv_path_GREP=/bin/grep
ac_cv_path_SED=/bin/sed
ac_cv_path_install='/usr/bin/install -c'
ac_cv_path_lt_DD=/bin/dd
ac_cv_path_mkdir=/bin/mkdir
ac_cv_prog_AWK=mawk
ac_cv_prog_CPP='gcc -E'
ac_cv_prog_CXXCPP='g++ -E'
ac_cv_prog_ac_ct_AR=ar
ac_cv_prog_ac_ct_CC=gcc
ac_cv_prog_ac_ct_CXX=g++
ac_cv_prog_ac_ct_MANIFEST_TOOL=mt
ac_cv_prog_ac_ct_OBJDUMP=objdump
ac_cv_prog_ac_ct_RANLIB=ranlib
ac_cv_prog_ac_ct_STRIP=strip
ac_cv_prog_cc_c89=
ac_cv_prog_cc_g=yes
ac_cv_prog_cxx_g=yes
ac_cv_prog_make_make_set=yes
ac_cv_search_pthread_create=-lpthread
ac_cv_type__Bool=yes
ac_cv_type_ptrdiff_t=yes
ac_cv_type_size_t=yes
ac_cv_type_ssize_t=yes
am_cv_CC_dependencies_compiler_type=gcc3
am_cv_CXX_dependencies_compiler_type=gcc3
am_cv_make_support_nested_variables=yes
am_cv_prog_cc_c_o=yes
ax_cv_check_cflags___mavx=yes
ax_cv_check_cflags___mmmx=yes
ax_cv_check_cflags___msse2=yes
ax_cv_check_cflags___msse3=yes
ax_cv_check_cflags___msse4_1=yes
ax_cv_check_cflags___msse4_2=yes
ax_cv_check_cflags___msse=yes
ax_cv_check_cflags___mssse3=yes
ax_cv_gcc_x86_cpuid_0x00000001=806e9:1100800:7ffafbbf:bfebfbff
ax_cv_gcc_x86_cpuid_=unknown
ax_cv_have_avx_ext=yes
ax_cv_have_mmx_ext=yes
ax_cv_have_sse2_ext=yes
ax_cv_have_sse3_ext=yes
ax_cv_have_sse41_ext=yes
ax_cv_have_sse42_ext=yes
ax_cv_have_sse_ext=yes
ax_cv_have_ssse3_ext=yes
lt_cv_ar_at_file=@
lt_cv_archive_cmds_need_lc=no
lt_cv_deplibs_check_method=pass_all
lt_cv_file_magic_cmd='$MAGIC_CMD'
lt_cv_file_magic_test_file=
lt_cv_ld_reload_flag=-r
lt_cv_nm_interface='BSD nm'
lt_cv_objdir=.libs
lt_cv_path_LD=/usr/bin/ld
lt_cv_path_LDCXX='/usr/bin/ld -m elf_x86_64'
lt_cv_path_NM='/usr/bin/nm -B'
lt_cv_path_mainfest_tool=no
lt_cv_prog_compiler_c_o=yes
lt_cv_prog_compiler_c_o_CXX=yes
lt_cv_prog_compiler_pic='-fPIC -DPIC'
lt_cv_prog_compiler_pic_CXX='-fPIC -DPIC'
lt_cv_prog_compiler_pic_works=yes
lt_cv_prog_compiler_pic_works_CXX=yes
lt_cv_prog_compiler_rtti_exceptions=no
lt_cv_prog_compiler_static_works=yes
lt_cv_prog_compiler_static_works_CXX=yes
lt_cv_prog_gnu_ld=yes
lt_cv_prog_gnu_ldcxx=yes
lt_cv_sharedlib_from_linklib_cmd='printf %s\n'
lt_cv_shlibpath_overrides_runpath=no
lt_cv_sys_global_symbol_pipe='sed -n -e '\''s/^.*[	 ]\([ABCDGIRSTW][ABCDGIRSTW]*\)[	 ][	 ]*\([_A-Za-z][_A-Za-z0-9]*\)$/\1 \2 \2/p'\'' | sed '\''/ __gnu_lto/d'\'''
lt_cv_sys_global_symbol_to_c_name_address='sed -n -e '\''s/^: \(.*\) .*$/  {"\1", (void *) 0},/p'\'' -e '\''s/^[ABCDGIRSTW][ABCDGIRSTW]* .* \(.*\)$/  {"\1", (void *) \&\1},/p'\'''
lt_cv_sys_global_symbol_to_c_name_address_lib_prefix='sed -n -e '\''s/^: \(.*\) .*$/  {"\1", (void *) 0},/p'\'' -e '\''s/^[ABCDGIRSTW][ABCDGIRSTW]* .* \(lib.*\)$/  {"\1", (void *) \&\1},/p'\'' -e '\''s/^[ABCDGIRSTW][ABCDGIRSTW]* .* \(.*\)$/  {"lib\1", (void *) \&\1},/p'\'''
lt_cv_sys_global_symbol_to_cdecl='sed -n -e '\''s/^T .* \(.*\)$/extern int \1();/p'\'' -e '\''s/^[ABCDGIRSTW][ABCDGIRSTW]* .* \(.*\)$/extern char \1;/p'\'''
lt_cv_sys_global_symbol_to_import=
lt_cv_sys_max_cmd_len=1572864
lt_cv_to_host_file_cmd=func_convert_file_noop
lt_cv_to_tool_file_cmd=func_convert_file_noop
lt_cv_truncate_bin='/bin/dd bs=4096 count=1'

## ----------------- ##
## Output variables. ##
## ----------------- ##

ACLOCAL='${SHELL} /home/ali_nayeem/Projects/MO-Phylogenetics/lib/Pll/missing aclocal-1.15'
AMDEPBACKSLASH='\'
AMDEP_FALSE='#'
AMDEP_TRUE=''
AMTAR='$${TAR-tar}'
AM_BACKSLASH='\'
AM_DEFAULT_V='$(AM_DEFAULT_VERBOSITY)'
AM_DEFAULT_VERBOSITY='1'
AM_V='$(V)'
AR='ar'
AUTOCONF='${SHELL} /home/ali_nayeem/Projects/MO-Phylogenetics/lib/Pll/missing autoconf'
AUTOHEADER='${SHELL} /home/ali_nayeem/Projects/MO-Phylogenetics/lib/Pll/missing autoheader'
AUTOMAKE='${SHELL} /home/ali_nayeem/Projects/MO-Phylogenetics/lib/Pll/missing automake-1.15'
AWK='mawk'
BUILD_AVX_FALSE='#'
BUILD_AVX_PTHREADS_FALSE='#'
BUILD_AVX_PTHREADS_TRUE=''
BUILD_AVX_TRUE=''
BUILD_GENERIC_FALSE='#'
BUILD_GENERIC_TRUE=''
BUILD_MPI_FALSE=''
BUILD_MPI_TRUE='#'
BUILD_SSE3_FALSE='#'
BUILD_SSE3_PTHREADS_FALSE='#'
BUILD_SSE3_PTHREADS_TRUE=''
BUILD_SSE3_TRUE=''
CC='gcc'
CCDEPMODE='depmode=gcc3'
CFLAGS='-g -O2'
CPP='gcc -E'
CPPFLAGS=''
CXX='g++'
CXXCPP='g++ -E'
CXXDEPMODE='depmode=gcc3'
CXXFLAGS='-g -O2'
CYGPATH_W='echo'
DEFS='-DHAVE_CONFIG_H'
DEPDIR='.deps'
DLLTOOL='false'
DSYMUTIL=''
DUMPBIN=''
ECHO_C=''
ECHO_N='-n'
ECHO_T=''
EGREP='/bin/grep -E'
EXEEXT=''
FGREP='/bin/grep -F'
GREP='/bin/grep'
INSTALL_DATA='${INSTALL} -m 644'
INSTALL_PROGRAM='${INSTALL}'
INSTALL_SCRIPT='${INSTALL}'
INSTALL_STRIP_PROGRAM='$(install_sh) -c -s'
LD='/usr/bin/ld -m elf_x86_64'
LDFLAGS=''
LIBOBJS=''
LIBPLL_MAJOR='1'
LIBPLL_MINOR='0'
LIBPLL_REV='0'
LIBPLL_VERSION='1.0.0'
LIBS='-lpthread -lm '
LIBTOOL='$(SHELL) $(top_builddir)/libtool'
LIPO=''
LN_S='ln -s'
LTLIBOBJS=''
LT_SYS_LIBRARY_PATH=''
MAKEINFO='${SHELL} /home/ali_nayeem/Projects/MO-Phylogenetics/lib/Pll/missing makeinfo'
MANIFEST_TOOL=':'
MKDIR_P='/bin/mkdir -p'
MPICC='gcc'
MPILIBS=''
NM='/usr/bin/nm -B'
NMEDIT=''
OBJDUMP='objdump'
OBJEXT='o'
OTOOL64=''
OTOOL=''
PACKAGE='libpll'
PACKAGE_BUGREPORT='Tomas.Flouri@h-its.org'
PACKAGE_NAME='libpll'
PACKAGE_STRING='libpll 1.0.0'
PACKAGE_TARNAME='libpll'
PACKAGE_URL=''
PACKAGE_VERSION='1.0.0'
PATH_SEPARATOR=':'
RANLIB='ranlib'
SED='/bin/sed'
SET_MAKE=''
SHELL='/bin/bash'
SIMD_FLAGS=' -mmmx -msse -msse2 -msse3 -mssse3 -msse4.1 -msse4.2 -mavx'
STRIP='strip'
VERSION='1.0.0'
ac_ct_AR='ar'
ac_ct_CC='gcc'
ac_ct_CXX='g++'
ac_ct_DUMPBIN=''
am__EXEEXT_FALSE=''
am__EXEEXT_TRUE='#'
am__fastdepCC_FALSE='#'
am__fastdepCC_TRUE=''
am__fastdepCXX_FALSE='#'
am__fastdepCXX_TRUE=''
am__include='include'
am__isrc=''
am__leading_dot='.'
am__nodep='_no'
am__quote=''
am__tar='$${TAR-tar} chof - "$$tardir"'
am__untar='$${TAR-tar} xf -'
bindir='${exec_prefix}/bin'
build='x86_64-pc-linux-gnu'
build_alias=''
build_cpu='x86_64'
build_os='linux-gnu'
build_vendor='pc'
datadir='${datarootdir}'
datarootdir='${prefix}/share'
docdir='${datarootdir}/doc/${PACKAGE_TARNAME}'
dvidir='${docdir}'
exec_prefix='${prefix}'
host='x86_64-pc-linux-gnu'
host_alias=''
host_cpu='x86_64'
host_os='linux-gnu'
host_vendor='pc'
htmldir='${docdir}'
includedir='${prefix}/include'
infodir='${datarootdir}/info'
install_sh='${SHELL} /home/ali_nayeem/Projects/MO-Phylogenetics/lib/Pll/install-sh'
libdir='${exec_prefix}/lib'
libexecdir='${exec_prefix}/libexec'
localedir='${datarootdir}/locale'
localstatedir='${prefix}/var'
mandir='${datarootdir}/man'
mkdir_p='$(MKDIR_P)'
oldincludedir='/usr/include'
pdfdir='${docdir}'
prefix='/usr/local'
program_transform_name='s,x,x,'
psdir='${docdir}'
runstatedir='${localstatedir}/run'
sbindir='${exec_prefix}/sbin'
sharedstatedir='${prefix}/com'
sysconfdir='${prefix}/etc'
target_alias=''

## ----------- ##
## confdefs.h. ##
## ----------- ##

/* confdefs.h */
#define PACKAGE_NAME "libpll"
#define PACKAGE_TARNAME "libpll"
#define PACKAGE_VERSION "1.0.0"
#define PACKAGE_STRING "libpll 1.0.0"
#define PACKAGE_BUGREPORT "Tomas.Flouri@h-its.org"
#define PACKAGE_URL ""
#define PACKAGE "libpll"
#define VERSION "1.0.0"
#define STDC_HEADERS 1
#define HAVE_SYS_TYPES_H 1
#define HAVE_SYS_STAT_H 1
#define HAVE_STDLIB_H 1
#define HAVE_STRING_H 1
#define HAVE_MEMORY_H 1
#define HAVE_STRINGS_H 1
#define HAVE_INTTYPES_H 1
#define HAVE_STDINT_H 1
#define HAVE_UNISTD_H 1
#define HAVE_DLFCN_H 1
#define LT_OBJDIR ".libs/"
#define HAVE_LIBM 1
#define HAVE_FCNTL_H 1
#define HAVE_FLOAT_H 1
#define HAVE_LIMITS_H 1
#define HAVE_MALLOC_H 1
#define HAVE_STDDEF_H 1
#define HAVE_STDINT_H 1
#define HAVE_STDLIB_H 1
#define HAVE_STRING_H 1
#define HAVE_STRINGS_H 1
#define HAVE_SYS_TIME_H 1
#define HAVE_UNISTD_H 1
#define HAVE__BOOL 1
#define HAVE_STDBOOL_H 1
#define HAVE_PTRDIFF_T 1
#define HAVE_STDLIB_H 1
#define HAVE_MALLOC 1
#define HAVE_STDLIB_H 1
#define HAVE_UNISTD_H 1
#define HAVE_SYS_PARAM_H 1
#define HAVE_GETPAGESIZE 1
#define HAVE_MMAP 1
#define HAVE_STDLIB_H 1
#define HAVE_REALLOC 1
#define HAVE_ATEXIT 1
#define HAVE_CLOCK_GETTIME 1
#define HAVE_GETCWD 1
#define HAVE_GETPAGESIZE 1
#define HAVE_GETTIMEOFDAY 1
#define HAVE_MEMMOVE 1
#define HAVE_MEMSET 1
#define HAVE_MUNMAP 1
#define HAVE_POW 1
#define HAVE_SQRT 1
#define HAVE_STRCASECMP 1
#define HAVE_STRCHR 1
#define HAVE_STRDUP 1
#define HAVE_STRNDUP 1
#define HAVE_STRSTR 1
#define HAVE_PTHREAD_H 1
#define HAVE_MMINTRIN_H 1
#define HAVE_XMMINTRIN_H 1
#define HAVE_EMMINTRIN_H 1
#define HAVE_PMMINTRIN_H 1
#define HAVE_TMMINTRIN_H 1
#define HAVE_SMMINTRIN_H 1
#define HAVE_IMMINTRIN_H 1
#define HAVE_MMX /**/
#define HAVE_SSE /**/
#define HAVE_SSE2 /**/
#define HAVE_SSE3 /**/
#define HAVE_SSSE3 /**/
#define HAVE_SSE41 /**/
#define HAVE_SSE42 1
#define HAVE_AVX /**/
#define PACKAGE "libpll"
#define VERSION "1.0.0"

configure: exit 0
